<?xml version="1.0" encoding="UTF-8"?>
<!-- Generated by org.testng.reporters.JUnitReportReporter -->
<testsuite hostname="DESKTOP-KDQOQ35" failures="0" tests="109" name="testsuite.FilterTaskTest2" time="1473.602" errors="8" timestamp="2024-04-10T22:36:53 ICT" skipped="36">
  <testcase classname="testsuite.FilterTaskTest2" name="openDriver" time="9.907">
    <error message="Could not start a new session. Response code 500. Message: Process unexpectedly closed with status 0 
Host info: host: &#039;DESKTOP-KDQOQ35&#039;, ip: &#039;192.168.42.119&#039;
Build info: version: &#039;4.10.0&#039;, revision: &#039;c14d967899&#039;
System info: os.name: &#039;Windows 10&#039;, os.arch: &#039;amd64&#039;, os.version: &#039;10.0&#039;, java.version: &#039;11.0.21&#039;
Driver info: org.openqa.selenium.firefox.FirefoxDriver
Command: [null, newSession {capabilities=[Capabilities {acceptInsecureCerts: true, browserName: firefox, moz:debuggerAddress: true, moz:firefoxOptions: {}}]}]" type="org.openqa.selenium.SessionNotCreatedException">
      <![CDATA[org.openqa.selenium.SessionNotCreatedException: Could not start a new session. Response code 500. Message: Process unexpectedly closed with status 0 
Host info: host: 'DESKTOP-KDQOQ35', ip: '192.168.42.119'
Build info: version: '4.10.0', revision: 'c14d967899'
System info: os.name: 'Windows 10', os.arch: 'amd64', os.version: '10.0', java.version: '11.0.21'
Driver info: org.openqa.selenium.firefox.FirefoxDriver
Command: [null, newSession {capabilities=[Capabilities {acceptInsecureCerts: true, browserName: firefox, moz:debuggerAddress: true, moz:firefoxOptions: {}}]}]
at org.openqa.selenium.remote.ProtocolHandshake.createSession(ProtocolHandshake.java:140)
at org.openqa.selenium.remote.ProtocolHandshake.createSession(ProtocolHandshake.java:96)
at org.openqa.selenium.remote.ProtocolHandshake.createSession(ProtocolHandshake.java:68)
at org.openqa.selenium.remote.HttpCommandExecutor.execute(HttpCommandExecutor.java:163)
at org.openqa.selenium.remote.service.DriverCommandExecutor.invokeExecute(DriverCommandExecutor.java:196)
at org.openqa.selenium.remote.service.DriverCommandExecutor.execute(DriverCommandExecutor.java:171)
at org.openqa.selenium.remote.RemoteWebDriver.execute(RemoteWebDriver.java:531)
at org.openqa.selenium.remote.RemoteWebDriver.startSession(RemoteWebDriver.java:227)
at org.openqa.selenium.remote.RemoteWebDriver.<init>(RemoteWebDriver.java:154)
at org.openqa.selenium.firefox.FirefoxDriver.<init>(FirefoxDriver.java:151)
at org.openqa.selenium.firefox.FirefoxDriver.<init>(FirefoxDriver.java:146)
at org.openqa.selenium.firefox.FirefoxDriver.<init>(FirefoxDriver.java:130)
at org.openqa.selenium.firefox.FirefoxDriver.<init>(FirefoxDriver.java:125)
at org.openqa.selenium.firefox.FirefoxDriver.<init>(FirefoxDriver.java:110)
at org.openqa.selenium.firefox.FirefoxDriver.<init>(FirefoxDriver.java:100)
at common.CommonBase.initFirefoxDriver(CommonBase.java:71)
at common.CommonBase.setupDriver(CommonBase.java:30)
at testsuite.FilterTaskTest2.openDriver(FilterTaskTest2.java:25)
at jdk.internal.reflect.GeneratedMethodAccessor4.invoke(Unknown Source)
at java.base/jdk.internal.reflect.DelegatingMethodAccessorImpl.invoke(DelegatingMethodAccessorImpl.java:43)
at java.base/java.lang.reflect.Method.invoke(Method.java:566)
at org.testng.internal.MethodInvocationHelper.invokeMethod(MethodInvocationHelper.java:133)
at org.testng.internal.MethodInvocationHelper.invokeMethodConsideringTimeout(MethodInvocationHelper.java:62)
at org.testng.internal.ConfigInvoker.invokeConfigurationMethod(ConfigInvoker.java:385)
at org.testng.internal.ConfigInvoker.invokeConfigurations(ConfigInvoker.java:321)
at org.testng.internal.TestInvoker.runConfigMethods(TestInvoker.java:700)
at org.testng.internal.TestInvoker.invokeMethod(TestInvoker.java:527)
at org.testng.internal.TestInvoker.invokeTestMethod(TestInvoker.java:173)
at org.testng.internal.MethodRunner.runInSequence(MethodRunner.java:46)
at org.testng.internal.TestInvoker$MethodInvocationAgent.invoke(TestInvoker.java:824)
at org.testng.internal.TestInvoker.invokeTestMethods(TestInvoker.java:146)
at org.testng.internal.TestMethodWorker.invokeTestMethods(TestMethodWorker.java:146)
at org.testng.internal.TestMethodWorker.run(TestMethodWorker.java:128)
at java.base/java.util.ArrayList.forEach(ArrayList.java:1541)
at org.testng.TestRunner.privateRun(TestRunner.java:794)
at org.testng.TestRunner.run(TestRunner.java:596)
at org.testng.SuiteRunner.runTest(SuiteRunner.java:377)
at org.testng.SuiteRunner.runSequentially(SuiteRunner.java:371)
at org.testng.SuiteRunner.privateRun(SuiteRunner.java:332)
at org.testng.SuiteRunner.run(SuiteRunner.java:276)
at org.testng.SuiteRunnerWorker.runSuite(SuiteRunnerWorker.java:53)
at org.testng.SuiteRunnerWorker.run(SuiteRunnerWorker.java:96)
at org.testng.TestNG.runSuitesSequentially(TestNG.java:1212)
at org.testng.TestNG.runSuitesLocally(TestNG.java:1134)
at org.testng.TestNG.runSuites(TestNG.java:1063)
at org.testng.TestNG.run(TestNG.java:1031)
at com.intellij.rt.testng.IDEARemoteTestNG.run(IDEARemoteTestNG.java:66)
at com.intellij.rt.testng.RemoteTestNGStarter.main(RemoteTestNGStarter.java:109)
]]>
    </error>
  </testcase> <!-- openDriver -->
  <system-out/>
  <testcase classname="testsuite.FilterTaskTest2" name="filterByRelatedTo_Project" time="0.000">
    <skipped/>
  </testcase> <!-- filterByRelatedTo_Project -->
  <system-out/>
  <testcase classname="testsuite.FilterTaskTest2" name="filterByRelatedTo_Project" time="16.995"/>
  <system-out/>
  <testcase classname="testsuite.FilterTaskTest2" name="filterByRelatedTo_Project" time="17.842"/>
  <system-out/>
  <testcase classname="testsuite.FilterTaskTest2" name="filterByRelatedTo_Client" time="0.000">
    <skipped/>
  </testcase> <!-- filterByRelatedTo_Client -->
  <system-out/>
  <testcase classname="testsuite.FilterTaskTest2" name="filterByRelatedTo_Client" time="22.773"/>
  <system-out/>
  <testcase classname="testsuite.FilterTaskTest2" name="filterByRelatedTo_Client" time="36.381">
    <error message="Expected condition failed: waiting for visibility of element located by By.xpath: //table[@id=&#039;task-table&#039;]//tr//td[6]//a (tried for 10 second(s) with 500 milliseconds interval)
Build info: version: &#039;4.10.0&#039;, revision: &#039;c14d967899&#039;
System info: os.name: &#039;Windows 10&#039;, os.arch: &#039;amd64&#039;, os.version: &#039;10.0&#039;, java.version: &#039;11.0.21&#039;
Driver info: org.openqa.selenium.chrome.ChromeDriver
Capabilities {acceptInsecureCerts: false, browserName: chrome, browserVersion: 123.0.6312.106, chrome: {chromedriverVersion: 123.0.6312.105 (399174dbe6e..., userDataDir: C:\Users\Admin\AppData\Loca...}, fedcm:accounts: true, goog:chromeOptions: {debuggerAddress: localhost:51742}, networkConnectionEnabled: false, pageLoadStrategy: normal, platformName: windows, proxy: Proxy(), se:cdp: ws://localhost:51742/devtoo..., se:cdpVersion: 123.0.6312.106, setWindowRect: true, strictFileInteractability: false, timeouts: {implicit: 0, pageLoad: 300000, script: 30000}, unhandledPromptBehavior: dismiss and notify, webauthn:extension:credBlob: true, webauthn:extension:largeBlob: true, webauthn:extension:minPinLength: true, webauthn:extension:prf: true, webauthn:virtualAuthenticators: true}
Session ID: 5dba52f23852d8939ab92a9fb5a52327" type="org.openqa.selenium.TimeoutException">
      <![CDATA[org.openqa.selenium.TimeoutException: Expected condition failed: waiting for visibility of element located by By.xpath: //table[@id='task-table']//tr//td[6]//a (tried for 10 second(s) with 500 milliseconds interval)
Build info: version: '4.10.0', revision: 'c14d967899'
System info: os.name: 'Windows 10', os.arch: 'amd64', os.version: '10.0', java.version: '11.0.21'
Driver info: org.openqa.selenium.chrome.ChromeDriver
Capabilities {acceptInsecureCerts: false, browserName: chrome, browserVersion: 123.0.6312.106, chrome: {chromedriverVersion: 123.0.6312.105 (399174dbe6e..., userDataDir: C:\Users\Admin\AppData\Loca...}, fedcm:accounts: true, goog:chromeOptions: {debuggerAddress: localhost:51742}, networkConnectionEnabled: false, pageLoadStrategy: normal, platformName: windows, proxy: Proxy(), se:cdp: ws://localhost:51742/devtoo..., se:cdpVersion: 123.0.6312.106, setWindowRect: true, strictFileInteractability: false, timeouts: {implicit: 0, pageLoad: 300000, script: 30000}, unhandledPromptBehavior: dismiss and notify, webauthn:extension:credBlob: true, webauthn:extension:largeBlob: true, webauthn:extension:minPinLength: true, webauthn:extension:prf: true, webauthn:virtualAuthenticators: true}
Session ID: 5dba52f23852d8939ab92a9fb5a52327
at org.openqa.selenium.support.ui.WebDriverWait.timeoutException(WebDriverWait.java:84)
at org.openqa.selenium.support.ui.FluentWait.until(FluentWait.java:230)
at common.CommonBase.getElements(CommonBase.java:137)
at testsuite.FilterTaskTest2.checkListTaskFilterByRelatedTo(FilterTaskTest2.java:43)
at testsuite.FilterTaskTest2.filterByRelatedTo_Client(FilterTaskTest2.java:78)
at java.base/jdk.internal.reflect.NativeMethodAccessorImpl.invoke0(Native Method)
at java.base/jdk.internal.reflect.NativeMethodAccessorImpl.invoke(NativeMethodAccessorImpl.java:62)
at java.base/jdk.internal.reflect.DelegatingMethodAccessorImpl.invoke(DelegatingMethodAccessorImpl.java:43)
at java.base/java.lang.reflect.Method.invoke(Method.java:566)
at org.testng.internal.MethodInvocationHelper.invokeMethod(MethodInvocationHelper.java:133)
at org.testng.internal.TestInvoker.invokeMethod(TestInvoker.java:598)
at org.testng.internal.TestInvoker.invokeTestMethod(TestInvoker.java:173)
at org.testng.internal.MethodRunner.runInSequence(MethodRunner.java:46)
at org.testng.internal.TestInvoker$MethodInvocationAgent.invoke(TestInvoker.java:824)
at org.testng.internal.TestInvoker.invokeTestMethods(TestInvoker.java:146)
at org.testng.internal.TestMethodWorker.invokeTestMethods(TestMethodWorker.java:146)
at org.testng.internal.TestMethodWorker.run(TestMethodWorker.java:128)
at java.base/java.util.ArrayList.forEach(ArrayList.java:1541)
at org.testng.TestRunner.privateRun(TestRunner.java:794)
at org.testng.TestRunner.run(TestRunner.java:596)
at org.testng.SuiteRunner.runTest(SuiteRunner.java:377)
at org.testng.SuiteRunner.runSequentially(SuiteRunner.java:371)
at org.testng.SuiteRunner.privateRun(SuiteRunner.java:332)
at org.testng.SuiteRunner.run(SuiteRunner.java:276)
at org.testng.SuiteRunnerWorker.runSuite(SuiteRunnerWorker.java:53)
at org.testng.SuiteRunnerWorker.run(SuiteRunnerWorker.java:96)
at org.testng.TestNG.runSuitesSequentially(TestNG.java:1212)
at org.testng.TestNG.runSuitesLocally(TestNG.java:1134)
at org.testng.TestNG.runSuites(TestNG.java:1063)
at org.testng.TestNG.run(TestNG.java:1031)
at com.intellij.rt.testng.IDEARemoteTestNG.run(IDEARemoteTestNG.java:66)
at com.intellij.rt.testng.RemoteTestNGStarter.main(RemoteTestNGStarter.java:109)
]]>
    </error>
  </testcase> <!-- filterByRelatedTo_Client -->
  <system-out/>
  <testcase classname="testsuite.FilterTaskTest2" name="filterByRelatedTo_Contract" time="0.000">
    <skipped/>
  </testcase> <!-- filterByRelatedTo_Contract -->
  <system-out/>
  <testcase classname="testsuite.FilterTaskTest2" name="filterByRelatedTo_Contract" time="21.765"/>
  <system-out/>
  <testcase classname="testsuite.FilterTaskTest2" name="filterByRelatedTo_Contract" time="24.260"/>
  <system-out/>
  <testcase classname="testsuite.FilterTaskTest2" name="filterByRelatedTo_Estimate" time="21.609"/>
  <system-out/>
  <testcase classname="testsuite.FilterTaskTest2" name="filterByRelatedTo_Estimate" time="22.384"/>
  <system-out/>
  <testcase classname="testsuite.FilterTaskTest2" name="filterByRelatedTo_Estimate" time="0.000">
    <skipped/>
  </testcase> <!-- filterByRelatedTo_Estimate -->
  <system-out/>
  <testcase classname="testsuite.FilterTaskTest2" name="filterByRelatedTo_Expense" time="37.717">
    <error message="Expected condition failed: waiting for visibility of element located by By.xpath: s2id_expense_id (tried for 20 second(s) with 500 milliseconds interval)
Build info: version: &#039;4.10.0&#039;, revision: &#039;c14d967899&#039;
System info: os.name: &#039;Windows 10&#039;, os.arch: &#039;amd64&#039;, os.version: &#039;10.0&#039;, java.version: &#039;11.0.21&#039;
Driver info: org.openqa.selenium.edge.EdgeDriver
Capabilities {acceptInsecureCerts: false, browserName: MicrosoftEdge, browserVersion: 123.0.2420.81, fedcm:accounts: true, ms:edgeOptions: {debuggerAddress: localhost:53048}, msedge: {msedgedriverVersion: 123.0.2420.81 (8acdca46cf48..., userDataDir: C:\Users\Admin\AppData\Loca...}, networkConnectionEnabled: false, pageLoadStrategy: normal, platformName: windows, proxy: Proxy(), se:cdp: ws://localhost:53048/devtoo..., se:cdpVersion: 123.0.2420.81, setWindowRect: true, strictFileInteractability: false, timeouts: {implicit: 0, pageLoad: 300000, script: 30000}, unhandledPromptBehavior: dismiss and notify, webauthn:extension:credBlob: true, webauthn:extension:largeBlob: true, webauthn:extension:minPinLength: true, webauthn:extension:prf: true, webauthn:virtualAuthenticators: true}
Session ID: e7d7c9b208f3b46ecac303672cbec1fe" type="org.openqa.selenium.TimeoutException">
      <![CDATA[org.openqa.selenium.TimeoutException: Expected condition failed: waiting for visibility of element located by By.xpath: s2id_expense_id (tried for 20 second(s) with 500 milliseconds interval)
Build info: version: '4.10.0', revision: 'c14d967899'
System info: os.name: 'Windows 10', os.arch: 'amd64', os.version: '10.0', java.version: '11.0.21'
Driver info: org.openqa.selenium.edge.EdgeDriver
Capabilities {acceptInsecureCerts: false, browserName: MicrosoftEdge, browserVersion: 123.0.2420.81, fedcm:accounts: true, ms:edgeOptions: {debuggerAddress: localhost:53048}, msedge: {msedgedriverVersion: 123.0.2420.81 (8acdca46cf48..., userDataDir: C:\Users\Admin\AppData\Loca...}, networkConnectionEnabled: false, pageLoadStrategy: normal, platformName: windows, proxy: Proxy(), se:cdp: ws://localhost:53048/devtoo..., se:cdpVersion: 123.0.2420.81, setWindowRect: true, strictFileInteractability: false, timeouts: {implicit: 0, pageLoad: 300000, script: 30000}, unhandledPromptBehavior: dismiss and notify, webauthn:extension:credBlob: true, webauthn:extension:largeBlob: true, webauthn:extension:minPinLength: true, webauthn:extension:prf: true, webauthn:virtualAuthenticators: true}
Session ID: e7d7c9b208f3b46ecac303672cbec1fe
at org.openqa.selenium.support.ui.WebDriverWait.timeoutException(WebDriverWait.java:84)
at org.openqa.selenium.support.ui.FluentWait.until(FluentWait.java:230)
at common.CommonBase.getElement(CommonBase.java:143)
at common.CommonBase.clickElement(CommonBase.java:155)
at pages.TaskPage2.clickElement(TaskPage2.java:74)
at pages.TaskPage2.addTaskDataForRelatedToFilter(TaskPage2.java:109)
at testsuite.FilterTaskTest2.filterByRelatedTo_Expense(FilterTaskTest2.java:107)
at java.base/jdk.internal.reflect.NativeMethodAccessorImpl.invoke0(Native Method)
at java.base/jdk.internal.reflect.NativeMethodAccessorImpl.invoke(NativeMethodAccessorImpl.java:62)
at java.base/jdk.internal.reflect.DelegatingMethodAccessorImpl.invoke(DelegatingMethodAccessorImpl.java:43)
at java.base/java.lang.reflect.Method.invoke(Method.java:566)
at org.testng.internal.MethodInvocationHelper.invokeMethod(MethodInvocationHelper.java:133)
at org.testng.internal.TestInvoker.invokeMethod(TestInvoker.java:598)
at org.testng.internal.TestInvoker.invokeTestMethod(TestInvoker.java:173)
at org.testng.internal.MethodRunner.runInSequence(MethodRunner.java:46)
at org.testng.internal.TestInvoker$MethodInvocationAgent.invoke(TestInvoker.java:824)
at org.testng.internal.TestInvoker.invokeTestMethods(TestInvoker.java:146)
at org.testng.internal.TestMethodWorker.invokeTestMethods(TestMethodWorker.java:146)
at org.testng.internal.TestMethodWorker.run(TestMethodWorker.java:128)
at java.base/java.util.ArrayList.forEach(ArrayList.java:1541)
at org.testng.TestRunner.privateRun(TestRunner.java:794)
at org.testng.TestRunner.run(TestRunner.java:596)
at org.testng.SuiteRunner.runTest(SuiteRunner.java:377)
at org.testng.SuiteRunner.runSequentially(SuiteRunner.java:371)
at org.testng.SuiteRunner.privateRun(SuiteRunner.java:332)
at org.testng.SuiteRunner.run(SuiteRunner.java:276)
at org.testng.SuiteRunnerWorker.runSuite(SuiteRunnerWorker.java:53)
at org.testng.SuiteRunnerWorker.run(SuiteRunnerWorker.java:96)
at org.testng.TestNG.runSuitesSequentially(TestNG.java:1212)
at org.testng.TestNG.runSuitesLocally(TestNG.java:1134)
at org.testng.TestNG.runSuites(TestNG.java:1063)
at org.testng.TestNG.run(TestNG.java:1031)
at com.intellij.rt.testng.IDEARemoteTestNG.run(IDEARemoteTestNG.java:66)
at com.intellij.rt.testng.RemoteTestNGStarter.main(RemoteTestNGStarter.java:109)
]]>
    </error>
  </testcase> <!-- filterByRelatedTo_Expense -->
  <system-out/>
  <testcase classname="testsuite.FilterTaskTest2" name="filterByRelatedTo_Expense" time="0.000">
    <skipped/>
  </testcase> <!-- filterByRelatedTo_Expense -->
  <system-out/>
  <testcase classname="testsuite.FilterTaskTest2" name="filterByRelatedTo_Expense" time="35.122">
    <error message="Expected condition failed: waiting for visibility of element located by By.xpath: s2id_expense_id (tried for 20 second(s) with 500 milliseconds interval)
Build info: version: &#039;4.10.0&#039;, revision: &#039;c14d967899&#039;
System info: os.name: &#039;Windows 10&#039;, os.arch: &#039;amd64&#039;, os.version: &#039;10.0&#039;, java.version: &#039;11.0.21&#039;
Driver info: org.openqa.selenium.chrome.ChromeDriver
Capabilities {acceptInsecureCerts: false, browserName: chrome, browserVersion: 123.0.6312.106, chrome: {chromedriverVersion: 123.0.6312.105 (399174dbe6e..., userDataDir: C:\Users\Admin\AppData\Loca...}, fedcm:accounts: true, goog:chromeOptions: {debuggerAddress: localhost:51854}, networkConnectionEnabled: false, pageLoadStrategy: normal, platformName: windows, proxy: Proxy(), se:cdp: ws://localhost:51854/devtoo..., se:cdpVersion: 123.0.6312.106, setWindowRect: true, strictFileInteractability: false, timeouts: {implicit: 0, pageLoad: 300000, script: 30000}, unhandledPromptBehavior: dismiss and notify, webauthn:extension:credBlob: true, webauthn:extension:largeBlob: true, webauthn:extension:minPinLength: true, webauthn:extension:prf: true, webauthn:virtualAuthenticators: true}
Session ID: fa986425fc1fab0ff73874188ab7d5b3" type="org.openqa.selenium.TimeoutException">
      <![CDATA[org.openqa.selenium.TimeoutException: Expected condition failed: waiting for visibility of element located by By.xpath: s2id_expense_id (tried for 20 second(s) with 500 milliseconds interval)
Build info: version: '4.10.0', revision: 'c14d967899'
System info: os.name: 'Windows 10', os.arch: 'amd64', os.version: '10.0', java.version: '11.0.21'
Driver info: org.openqa.selenium.chrome.ChromeDriver
Capabilities {acceptInsecureCerts: false, browserName: chrome, browserVersion: 123.0.6312.106, chrome: {chromedriverVersion: 123.0.6312.105 (399174dbe6e..., userDataDir: C:\Users\Admin\AppData\Loca...}, fedcm:accounts: true, goog:chromeOptions: {debuggerAddress: localhost:51854}, networkConnectionEnabled: false, pageLoadStrategy: normal, platformName: windows, proxy: Proxy(), se:cdp: ws://localhost:51854/devtoo..., se:cdpVersion: 123.0.6312.106, setWindowRect: true, strictFileInteractability: false, timeouts: {implicit: 0, pageLoad: 300000, script: 30000}, unhandledPromptBehavior: dismiss and notify, webauthn:extension:credBlob: true, webauthn:extension:largeBlob: true, webauthn:extension:minPinLength: true, webauthn:extension:prf: true, webauthn:virtualAuthenticators: true}
Session ID: fa986425fc1fab0ff73874188ab7d5b3
at org.openqa.selenium.support.ui.WebDriverWait.timeoutException(WebDriverWait.java:84)
at org.openqa.selenium.support.ui.FluentWait.until(FluentWait.java:230)
at common.CommonBase.getElement(CommonBase.java:143)
at common.CommonBase.clickElement(CommonBase.java:155)
at pages.TaskPage2.clickElement(TaskPage2.java:74)
at pages.TaskPage2.addTaskDataForRelatedToFilter(TaskPage2.java:109)
at testsuite.FilterTaskTest2.filterByRelatedTo_Expense(FilterTaskTest2.java:107)
at java.base/jdk.internal.reflect.NativeMethodAccessorImpl.invoke0(Native Method)
at java.base/jdk.internal.reflect.NativeMethodAccessorImpl.invoke(NativeMethodAccessorImpl.java:62)
at java.base/jdk.internal.reflect.DelegatingMethodAccessorImpl.invoke(DelegatingMethodAccessorImpl.java:43)
at java.base/java.lang.reflect.Method.invoke(Method.java:566)
at org.testng.internal.MethodInvocationHelper.invokeMethod(MethodInvocationHelper.java:133)
at org.testng.internal.TestInvoker.invokeMethod(TestInvoker.java:598)
at org.testng.internal.TestInvoker.invokeTestMethod(TestInvoker.java:173)
at org.testng.internal.MethodRunner.runInSequence(MethodRunner.java:46)
at org.testng.internal.TestInvoker$MethodInvocationAgent.invoke(TestInvoker.java:824)
at org.testng.internal.TestInvoker.invokeTestMethods(TestInvoker.java:146)
at org.testng.internal.TestMethodWorker.invokeTestMethods(TestMethodWorker.java:146)
at org.testng.internal.TestMethodWorker.run(TestMethodWorker.java:128)
at java.base/java.util.ArrayList.forEach(ArrayList.java:1541)
at org.testng.TestRunner.privateRun(TestRunner.java:794)
at org.testng.TestRunner.run(TestRunner.java:596)
at org.testng.SuiteRunner.runTest(SuiteRunner.java:377)
at org.testng.SuiteRunner.runSequentially(SuiteRunner.java:371)
at org.testng.SuiteRunner.privateRun(SuiteRunner.java:332)
at org.testng.SuiteRunner.run(SuiteRunner.java:276)
at org.testng.SuiteRunnerWorker.runSuite(SuiteRunnerWorker.java:53)
at org.testng.SuiteRunnerWorker.run(SuiteRunnerWorker.java:96)
at org.testng.TestNG.runSuitesSequentially(TestNG.java:1212)
at org.testng.TestNG.runSuitesLocally(TestNG.java:1134)
at org.testng.TestNG.runSuites(TestNG.java:1063)
at org.testng.TestNG.run(TestNG.java:1031)
at com.intellij.rt.testng.IDEARemoteTestNG.run(IDEARemoteTestNG.java:66)
at com.intellij.rt.testng.RemoteTestNGStarter.main(RemoteTestNGStarter.java:109)
]]>
    </error>
  </testcase> <!-- filterByRelatedTo_Expense -->
  <system-out/>
  <testcase classname="testsuite.FilterTaskTest2" name="filterByRelatedTo_Invoice" time="20.309"/>
  <system-out/>
  <testcase classname="testsuite.FilterTaskTest2" name="filterByRelatedTo_Invoice" time="21.456"/>
  <system-out/>
  <testcase classname="testsuite.FilterTaskTest2" name="filterByRelatedTo_Invoice" time="0.000">
    <skipped/>
  </testcase> <!-- filterByRelatedTo_Invoice -->
  <system-out/>
  <testcase classname="testsuite.FilterTaskTest2" name="filterByRelatedTo_Lead" time="21.277"/>
  <system-out/>
  <testcase classname="testsuite.FilterTaskTest2" name="filterByRelatedTo_Lead" time="21.718"/>
  <system-out/>
  <testcase classname="testsuite.FilterTaskTest2" name="filterByRelatedTo_Lead" time="0.000">
    <skipped/>
  </testcase> <!-- filterByRelatedTo_Lead -->
  <system-out/>
  <testcase classname="testsuite.FilterTaskTest2" name="filterByRelatedTo_Order" time="18.950"/>
  <system-out/>
  <testcase classname="testsuite.FilterTaskTest2" name="filterByRelatedTo_Order" time="0.000">
    <skipped/>
  </testcase> <!-- filterByRelatedTo_Order -->
  <system-out/>
  <testcase classname="testsuite.FilterTaskTest2" name="filterByRelatedTo_Order" time="23.281"/>
  <system-out/>
  <testcase classname="testsuite.FilterTaskTest2" name="filterByRelatedTo_Proposal" time="20.315"/>
  <system-out/>
  <testcase classname="testsuite.FilterTaskTest2" name="filterByRelatedTo_Proposal" time="0.000">
    <skipped/>
  </testcase> <!-- filterByRelatedTo_Proposal -->
  <system-out/>
  <testcase classname="testsuite.FilterTaskTest2" name="filterByRelatedTo_Proposal" time="22.206"/>
  <system-out/>
  <testcase classname="testsuite.FilterTaskTest2" name="filterByRelatedTo_Subscription" time="22.427"/>
  <system-out/>
  <testcase classname="testsuite.FilterTaskTest2" name="filterByRelatedTo_Subscription" time="20.821"/>
  <system-out/>
  <testcase classname="testsuite.FilterTaskTest2" name="filterByRelatedTo_Subscription" time="0.000">
    <skipped/>
  </testcase> <!-- filterByRelatedTo_Subscription -->
  <system-out/>
  <testcase classname="testsuite.FilterTaskTest2" name="filterByRelatedTo_Ticket" time="21.514"/>
  <system-out/>
  <testcase classname="testsuite.FilterTaskTest2" name="filterByRelatedTo_Ticket" time="0.000">
    <skipped/>
  </testcase> <!-- filterByRelatedTo_Ticket -->
  <system-out/>
  <testcase classname="testsuite.FilterTaskTest2" name="filterByRelatedTo_Ticket" time="27.902"/>
  <system-out/>
  <testcase classname="testsuite.FilterTaskTest2" name="filterByProject" time="0.000">
    <skipped/>
  </testcase> <!-- filterByProject -->
  <system-out/>
  <testcase classname="testsuite.FilterTaskTest2" name="filterByProject" time="17.673"/>
  <system-out/>
  <testcase classname="testsuite.FilterTaskTest2" name="filterByProject" time="15.644"/>
  <system-out/>
  <testcase classname="testsuite.FilterTaskTest2" name="filterByMilestone_Release" time="0.000">
    <skipped/>
  </testcase> <!-- filterByMilestone_Release -->
  <system-out/>
  <testcase classname="testsuite.FilterTaskTest2" name="filterByMilestone_Release" time="36.452">
    <error message="Expected condition failed: waiting for visibility of element located by By.id: s2id_autogen12_search (tried for 20 second(s) with 500 milliseconds interval)
Build info: version: &#039;4.10.0&#039;, revision: &#039;c14d967899&#039;
System info: os.name: &#039;Windows 10&#039;, os.arch: &#039;amd64&#039;, os.version: &#039;10.0&#039;, java.version: &#039;11.0.21&#039;
Driver info: org.openqa.selenium.edge.EdgeDriver
Capabilities {acceptInsecureCerts: false, browserName: MicrosoftEdge, browserVersion: 123.0.2420.81, fedcm:accounts: true, ms:edgeOptions: {debuggerAddress: localhost:53715}, msedge: {msedgedriverVersion: 123.0.2420.81 (8acdca46cf48..., userDataDir: C:\Users\Admin\AppData\Loca...}, networkConnectionEnabled: false, pageLoadStrategy: normal, platformName: windows, proxy: Proxy(), se:cdp: ws://localhost:53715/devtoo..., se:cdpVersion: 123.0.2420.81, setWindowRect: true, strictFileInteractability: false, timeouts: {implicit: 0, pageLoad: 300000, script: 30000}, unhandledPromptBehavior: dismiss and notify, webauthn:extension:credBlob: true, webauthn:extension:largeBlob: true, webauthn:extension:minPinLength: true, webauthn:extension:prf: true, webauthn:virtualAuthenticators: true}
Session ID: 49d5684eebe66981d47a8defe5ccaa85" type="org.openqa.selenium.TimeoutException">
      <![CDATA[org.openqa.selenium.TimeoutException: Expected condition failed: waiting for visibility of element located by By.id: s2id_autogen12_search (tried for 20 second(s) with 500 milliseconds interval)
Build info: version: '4.10.0', revision: 'c14d967899'
System info: os.name: 'Windows 10', os.arch: 'amd64', os.version: '10.0', java.version: '11.0.21'
Driver info: org.openqa.selenium.edge.EdgeDriver
Capabilities {acceptInsecureCerts: false, browserName: MicrosoftEdge, browserVersion: 123.0.2420.81, fedcm:accounts: true, ms:edgeOptions: {debuggerAddress: localhost:53715}, msedge: {msedgedriverVersion: 123.0.2420.81 (8acdca46cf48..., userDataDir: C:\Users\Admin\AppData\Loca...}, networkConnectionEnabled: false, pageLoadStrategy: normal, platformName: windows, proxy: Proxy(), se:cdp: ws://localhost:53715/devtoo..., se:cdpVersion: 123.0.2420.81, setWindowRect: true, strictFileInteractability: false, timeouts: {implicit: 0, pageLoad: 300000, script: 30000}, unhandledPromptBehavior: dismiss and notify, webauthn:extension:credBlob: true, webauthn:extension:largeBlob: true, webauthn:extension:minPinLength: true, webauthn:extension:prf: true, webauthn:virtualAuthenticators: true}
Session ID: 49d5684eebe66981d47a8defe5ccaa85
at org.openqa.selenium.support.ui.WebDriverWait.timeoutException(WebDriverWait.java:84)
at org.openqa.selenium.support.ui.FluentWait.until(FluentWait.java:230)
at common.CommonBase.getElement(CommonBase.java:143)
at common.CommonBase.sendKeysElement(CommonBase.java:169)
at pages.TaskPage2.sendKeysElement(TaskPage2.java:78)
at pages.TaskPage2.filterByMilestone(TaskPage2.java:192)
at testsuite.FilterTaskTest2.filterByMilestone_Release(FilterTaskTest2.java:219)
at java.base/jdk.internal.reflect.NativeMethodAccessorImpl.invoke0(Native Method)
at java.base/jdk.internal.reflect.NativeMethodAccessorImpl.invoke(NativeMethodAccessorImpl.java:62)
at java.base/jdk.internal.reflect.DelegatingMethodAccessorImpl.invoke(DelegatingMethodAccessorImpl.java:43)
at java.base/java.lang.reflect.Method.invoke(Method.java:566)
at org.testng.internal.MethodInvocationHelper.invokeMethod(MethodInvocationHelper.java:133)
at org.testng.internal.TestInvoker.invokeMethod(TestInvoker.java:598)
at org.testng.internal.TestInvoker.invokeTestMethod(TestInvoker.java:173)
at org.testng.internal.MethodRunner.runInSequence(MethodRunner.java:46)
at org.testng.internal.TestInvoker$MethodInvocationAgent.invoke(TestInvoker.java:824)
at org.testng.internal.TestInvoker.invokeTestMethods(TestInvoker.java:146)
at org.testng.internal.TestMethodWorker.invokeTestMethods(TestMethodWorker.java:146)
at org.testng.internal.TestMethodWorker.run(TestMethodWorker.java:128)
at java.base/java.util.ArrayList.forEach(ArrayList.java:1541)
at org.testng.TestRunner.privateRun(TestRunner.java:794)
at org.testng.TestRunner.run(TestRunner.java:596)
at org.testng.SuiteRunner.runTest(SuiteRunner.java:377)
at org.testng.SuiteRunner.runSequentially(SuiteRunner.java:371)
at org.testng.SuiteRunner.privateRun(SuiteRunner.java:332)
at org.testng.SuiteRunner.run(SuiteRunner.java:276)
at org.testng.SuiteRunnerWorker.runSuite(SuiteRunnerWorker.java:53)
at org.testng.SuiteRunnerWorker.run(SuiteRunnerWorker.java:96)
at org.testng.TestNG.runSuitesSequentially(TestNG.java:1212)
at org.testng.TestNG.runSuitesLocally(TestNG.java:1134)
at org.testng.TestNG.runSuites(TestNG.java:1063)
at org.testng.TestNG.run(TestNG.java:1031)
at com.intellij.rt.testng.IDEARemoteTestNG.run(IDEARemoteTestNG.java:66)
at com.intellij.rt.testng.RemoteTestNGStarter.main(RemoteTestNGStarter.java:109)
]]>
    </error>
  </testcase> <!-- filterByMilestone_Release -->
  <system-out/>
  <testcase classname="testsuite.FilterTaskTest2" name="filterByMilestone_Release" time="33.057">
    <error message="Expected condition failed: waiting for visibility of element located by By.id: s2id_autogen12_search (tried for 20 second(s) with 500 milliseconds interval)
Build info: version: &#039;4.10.0&#039;, revision: &#039;c14d967899&#039;
System info: os.name: &#039;Windows 10&#039;, os.arch: &#039;amd64&#039;, os.version: &#039;10.0&#039;, java.version: &#039;11.0.21&#039;
Driver info: org.openqa.selenium.chrome.ChromeDriver
Capabilities {acceptInsecureCerts: false, browserName: chrome, browserVersion: 123.0.6312.106, chrome: {chromedriverVersion: 123.0.6312.105 (399174dbe6e..., userDataDir: C:\Users\Admin\AppData\Loca...}, fedcm:accounts: true, goog:chromeOptions: {debuggerAddress: localhost:52127}, networkConnectionEnabled: false, pageLoadStrategy: normal, platformName: windows, proxy: Proxy(), se:cdp: ws://localhost:52127/devtoo..., se:cdpVersion: 123.0.6312.106, setWindowRect: true, strictFileInteractability: false, timeouts: {implicit: 0, pageLoad: 300000, script: 30000}, unhandledPromptBehavior: dismiss and notify, webauthn:extension:credBlob: true, webauthn:extension:largeBlob: true, webauthn:extension:minPinLength: true, webauthn:extension:prf: true, webauthn:virtualAuthenticators: true}
Session ID: 71c69622a6553433acd9c62b7972d170" type="org.openqa.selenium.TimeoutException">
      <![CDATA[org.openqa.selenium.TimeoutException: Expected condition failed: waiting for visibility of element located by By.id: s2id_autogen12_search (tried for 20 second(s) with 500 milliseconds interval)
Build info: version: '4.10.0', revision: 'c14d967899'
System info: os.name: 'Windows 10', os.arch: 'amd64', os.version: '10.0', java.version: '11.0.21'
Driver info: org.openqa.selenium.chrome.ChromeDriver
Capabilities {acceptInsecureCerts: false, browserName: chrome, browserVersion: 123.0.6312.106, chrome: {chromedriverVersion: 123.0.6312.105 (399174dbe6e..., userDataDir: C:\Users\Admin\AppData\Loca...}, fedcm:accounts: true, goog:chromeOptions: {debuggerAddress: localhost:52127}, networkConnectionEnabled: false, pageLoadStrategy: normal, platformName: windows, proxy: Proxy(), se:cdp: ws://localhost:52127/devtoo..., se:cdpVersion: 123.0.6312.106, setWindowRect: true, strictFileInteractability: false, timeouts: {implicit: 0, pageLoad: 300000, script: 30000}, unhandledPromptBehavior: dismiss and notify, webauthn:extension:credBlob: true, webauthn:extension:largeBlob: true, webauthn:extension:minPinLength: true, webauthn:extension:prf: true, webauthn:virtualAuthenticators: true}
Session ID: 71c69622a6553433acd9c62b7972d170
at org.openqa.selenium.support.ui.WebDriverWait.timeoutException(WebDriverWait.java:84)
at org.openqa.selenium.support.ui.FluentWait.until(FluentWait.java:230)
at common.CommonBase.getElement(CommonBase.java:143)
at common.CommonBase.sendKeysElement(CommonBase.java:169)
at pages.TaskPage2.sendKeysElement(TaskPage2.java:78)
at pages.TaskPage2.filterByMilestone(TaskPage2.java:192)
at testsuite.FilterTaskTest2.filterByMilestone_Release(FilterTaskTest2.java:219)
at java.base/jdk.internal.reflect.NativeMethodAccessorImpl.invoke0(Native Method)
at java.base/jdk.internal.reflect.NativeMethodAccessorImpl.invoke(NativeMethodAccessorImpl.java:62)
at java.base/jdk.internal.reflect.DelegatingMethodAccessorImpl.invoke(DelegatingMethodAccessorImpl.java:43)
at java.base/java.lang.reflect.Method.invoke(Method.java:566)
at org.testng.internal.MethodInvocationHelper.invokeMethod(MethodInvocationHelper.java:133)
at org.testng.internal.TestInvoker.invokeMethod(TestInvoker.java:598)
at org.testng.internal.TestInvoker.invokeTestMethod(TestInvoker.java:173)
at org.testng.internal.MethodRunner.runInSequence(MethodRunner.java:46)
at org.testng.internal.TestInvoker$MethodInvocationAgent.invoke(TestInvoker.java:824)
at org.testng.internal.TestInvoker.invokeTestMethods(TestInvoker.java:146)
at org.testng.internal.TestMethodWorker.invokeTestMethods(TestMethodWorker.java:146)
at org.testng.internal.TestMethodWorker.run(TestMethodWorker.java:128)
at java.base/java.util.ArrayList.forEach(ArrayList.java:1541)
at org.testng.TestRunner.privateRun(TestRunner.java:794)
at org.testng.TestRunner.run(TestRunner.java:596)
at org.testng.SuiteRunner.runTest(SuiteRunner.java:377)
at org.testng.SuiteRunner.runSequentially(SuiteRunner.java:371)
at org.testng.SuiteRunner.privateRun(SuiteRunner.java:332)
at org.testng.SuiteRunner.run(SuiteRunner.java:276)
at org.testng.SuiteRunnerWorker.runSuite(SuiteRunnerWorker.java:53)
at org.testng.SuiteRunnerWorker.run(SuiteRunnerWorker.java:96)
at org.testng.TestNG.runSuitesSequentially(TestNG.java:1212)
at org.testng.TestNG.runSuitesLocally(TestNG.java:1134)
at org.testng.TestNG.runSuites(TestNG.java:1063)
at org.testng.TestNG.run(TestNG.java:1031)
at com.intellij.rt.testng.IDEARemoteTestNG.run(IDEARemoteTestNG.java:66)
at com.intellij.rt.testng.RemoteTestNGStarter.main(RemoteTestNGStarter.java:109)
]]>
    </error>
  </testcase> <!-- filterByMilestone_Release -->
  <system-out/>
  <testcase classname="testsuite.FilterTaskTest2" name="filterByMilestone_BetaRelease" time="35.008">
    <error message="Expected condition failed: waiting for visibility of element located by By.id: s2id_autogen12_search (tried for 20 second(s) with 500 milliseconds interval)
Build info: version: &#039;4.10.0&#039;, revision: &#039;c14d967899&#039;
System info: os.name: &#039;Windows 10&#039;, os.arch: &#039;amd64&#039;, os.version: &#039;10.0&#039;, java.version: &#039;11.0.21&#039;
Driver info: org.openqa.selenium.chrome.ChromeDriver
Capabilities {acceptInsecureCerts: false, browserName: chrome, browserVersion: 123.0.6312.106, chrome: {chromedriverVersion: 123.0.6312.105 (399174dbe6e..., userDataDir: C:\Users\Admin\AppData\Loca...}, fedcm:accounts: true, goog:chromeOptions: {debuggerAddress: localhost:52159}, networkConnectionEnabled: false, pageLoadStrategy: normal, platformName: windows, proxy: Proxy(), se:cdp: ws://localhost:52159/devtoo..., se:cdpVersion: 123.0.6312.106, setWindowRect: true, strictFileInteractability: false, timeouts: {implicit: 0, pageLoad: 300000, script: 30000}, unhandledPromptBehavior: dismiss and notify, webauthn:extension:credBlob: true, webauthn:extension:largeBlob: true, webauthn:extension:minPinLength: true, webauthn:extension:prf: true, webauthn:virtualAuthenticators: true}
Session ID: 23bbf0f296a8bb34a1f301bae4b154f7" type="org.openqa.selenium.TimeoutException">
      <![CDATA[org.openqa.selenium.TimeoutException: Expected condition failed: waiting for visibility of element located by By.id: s2id_autogen12_search (tried for 20 second(s) with 500 milliseconds interval)
Build info: version: '4.10.0', revision: 'c14d967899'
System info: os.name: 'Windows 10', os.arch: 'amd64', os.version: '10.0', java.version: '11.0.21'
Driver info: org.openqa.selenium.chrome.ChromeDriver
Capabilities {acceptInsecureCerts: false, browserName: chrome, browserVersion: 123.0.6312.106, chrome: {chromedriverVersion: 123.0.6312.105 (399174dbe6e..., userDataDir: C:\Users\Admin\AppData\Loca...}, fedcm:accounts: true, goog:chromeOptions: {debuggerAddress: localhost:52159}, networkConnectionEnabled: false, pageLoadStrategy: normal, platformName: windows, proxy: Proxy(), se:cdp: ws://localhost:52159/devtoo..., se:cdpVersion: 123.0.6312.106, setWindowRect: true, strictFileInteractability: false, timeouts: {implicit: 0, pageLoad: 300000, script: 30000}, unhandledPromptBehavior: dismiss and notify, webauthn:extension:credBlob: true, webauthn:extension:largeBlob: true, webauthn:extension:minPinLength: true, webauthn:extension:prf: true, webauthn:virtualAuthenticators: true}
Session ID: 23bbf0f296a8bb34a1f301bae4b154f7
at org.openqa.selenium.support.ui.WebDriverWait.timeoutException(WebDriverWait.java:84)
at org.openqa.selenium.support.ui.FluentWait.until(FluentWait.java:230)
at common.CommonBase.getElement(CommonBase.java:143)
at common.CommonBase.sendKeysElement(CommonBase.java:169)
at pages.TaskPage2.sendKeysElement(TaskPage2.java:78)
at pages.TaskPage2.filterByMilestone(TaskPage2.java:192)
at testsuite.FilterTaskTest2.filterByMilestone_BetaRelease(FilterTaskTest2.java:229)
at java.base/jdk.internal.reflect.NativeMethodAccessorImpl.invoke0(Native Method)
at java.base/jdk.internal.reflect.NativeMethodAccessorImpl.invoke(NativeMethodAccessorImpl.java:62)
at java.base/jdk.internal.reflect.DelegatingMethodAccessorImpl.invoke(DelegatingMethodAccessorImpl.java:43)
at java.base/java.lang.reflect.Method.invoke(Method.java:566)
at org.testng.internal.MethodInvocationHelper.invokeMethod(MethodInvocationHelper.java:133)
at org.testng.internal.TestInvoker.invokeMethod(TestInvoker.java:598)
at org.testng.internal.TestInvoker.invokeTestMethod(TestInvoker.java:173)
at org.testng.internal.MethodRunner.runInSequence(MethodRunner.java:46)
at org.testng.internal.TestInvoker$MethodInvocationAgent.invoke(TestInvoker.java:824)
at org.testng.internal.TestInvoker.invokeTestMethods(TestInvoker.java:146)
at org.testng.internal.TestMethodWorker.invokeTestMethods(TestMethodWorker.java:146)
at org.testng.internal.TestMethodWorker.run(TestMethodWorker.java:128)
at java.base/java.util.ArrayList.forEach(ArrayList.java:1541)
at org.testng.TestRunner.privateRun(TestRunner.java:794)
at org.testng.TestRunner.run(TestRunner.java:596)
at org.testng.SuiteRunner.runTest(SuiteRunner.java:377)
at org.testng.SuiteRunner.runSequentially(SuiteRunner.java:371)
at org.testng.SuiteRunner.privateRun(SuiteRunner.java:332)
at org.testng.SuiteRunner.run(SuiteRunner.java:276)
at org.testng.SuiteRunnerWorker.runSuite(SuiteRunnerWorker.java:53)
at org.testng.SuiteRunnerWorker.run(SuiteRunnerWorker.java:96)
at org.testng.TestNG.runSuitesSequentially(TestNG.java:1212)
at org.testng.TestNG.runSuitesLocally(TestNG.java:1134)
at org.testng.TestNG.runSuites(TestNG.java:1063)
at org.testng.TestNG.run(TestNG.java:1031)
at com.intellij.rt.testng.IDEARemoteTestNG.run(IDEARemoteTestNG.java:66)
at com.intellij.rt.testng.RemoteTestNGStarter.main(RemoteTestNGStarter.java:109)
]]>
    </error>
  </testcase> <!-- filterByMilestone_BetaRelease -->
  <system-out/>
  <testcase classname="testsuite.FilterTaskTest2" name="filterByMilestone_BetaRelease" time="34.545">
    <error message="Expected condition failed: waiting for visibility of element located by By.id: s2id_autogen12_search (tried for 20 second(s) with 500 milliseconds interval)
Build info: version: &#039;4.10.0&#039;, revision: &#039;c14d967899&#039;
System info: os.name: &#039;Windows 10&#039;, os.arch: &#039;amd64&#039;, os.version: &#039;10.0&#039;, java.version: &#039;11.0.21&#039;
Driver info: org.openqa.selenium.edge.EdgeDriver
Capabilities {acceptInsecureCerts: false, browserName: MicrosoftEdge, browserVersion: 123.0.2420.81, fedcm:accounts: true, ms:edgeOptions: {debuggerAddress: localhost:53798}, msedge: {msedgedriverVersion: 123.0.2420.81 (8acdca46cf48..., userDataDir: C:\Users\Admin\AppData\Loca...}, networkConnectionEnabled: false, pageLoadStrategy: normal, platformName: windows, proxy: Proxy(), se:cdp: ws://localhost:53798/devtoo..., se:cdpVersion: 123.0.2420.81, setWindowRect: true, strictFileInteractability: false, timeouts: {implicit: 0, pageLoad: 300000, script: 30000}, unhandledPromptBehavior: dismiss and notify, webauthn:extension:credBlob: true, webauthn:extension:largeBlob: true, webauthn:extension:minPinLength: true, webauthn:extension:prf: true, webauthn:virtualAuthenticators: true}
Session ID: 8db0bb683a19a6ff50ec32731c80d05c" type="org.openqa.selenium.TimeoutException">
      <![CDATA[org.openqa.selenium.TimeoutException: Expected condition failed: waiting for visibility of element located by By.id: s2id_autogen12_search (tried for 20 second(s) with 500 milliseconds interval)
Build info: version: '4.10.0', revision: 'c14d967899'
System info: os.name: 'Windows 10', os.arch: 'amd64', os.version: '10.0', java.version: '11.0.21'
Driver info: org.openqa.selenium.edge.EdgeDriver
Capabilities {acceptInsecureCerts: false, browserName: MicrosoftEdge, browserVersion: 123.0.2420.81, fedcm:accounts: true, ms:edgeOptions: {debuggerAddress: localhost:53798}, msedge: {msedgedriverVersion: 123.0.2420.81 (8acdca46cf48..., userDataDir: C:\Users\Admin\AppData\Loca...}, networkConnectionEnabled: false, pageLoadStrategy: normal, platformName: windows, proxy: Proxy(), se:cdp: ws://localhost:53798/devtoo..., se:cdpVersion: 123.0.2420.81, setWindowRect: true, strictFileInteractability: false, timeouts: {implicit: 0, pageLoad: 300000, script: 30000}, unhandledPromptBehavior: dismiss and notify, webauthn:extension:credBlob: true, webauthn:extension:largeBlob: true, webauthn:extension:minPinLength: true, webauthn:extension:prf: true, webauthn:virtualAuthenticators: true}
Session ID: 8db0bb683a19a6ff50ec32731c80d05c
at org.openqa.selenium.support.ui.WebDriverWait.timeoutException(WebDriverWait.java:84)
at org.openqa.selenium.support.ui.FluentWait.until(FluentWait.java:230)
at common.CommonBase.getElement(CommonBase.java:143)
at common.CommonBase.sendKeysElement(CommonBase.java:169)
at pages.TaskPage2.sendKeysElement(TaskPage2.java:78)
at pages.TaskPage2.filterByMilestone(TaskPage2.java:192)
at testsuite.FilterTaskTest2.filterByMilestone_BetaRelease(FilterTaskTest2.java:229)
at java.base/jdk.internal.reflect.NativeMethodAccessorImpl.invoke0(Native Method)
at java.base/jdk.internal.reflect.NativeMethodAccessorImpl.invoke(NativeMethodAccessorImpl.java:62)
at java.base/jdk.internal.reflect.DelegatingMethodAccessorImpl.invoke(DelegatingMethodAccessorImpl.java:43)
at java.base/java.lang.reflect.Method.invoke(Method.java:566)
at org.testng.internal.MethodInvocationHelper.invokeMethod(MethodInvocationHelper.java:133)
at org.testng.internal.TestInvoker.invokeMethod(TestInvoker.java:598)
at org.testng.internal.TestInvoker.invokeTestMethod(TestInvoker.java:173)
at org.testng.internal.MethodRunner.runInSequence(MethodRunner.java:46)
at org.testng.internal.TestInvoker$MethodInvocationAgent.invoke(TestInvoker.java:824)
at org.testng.internal.TestInvoker.invokeTestMethods(TestInvoker.java:146)
at org.testng.internal.TestMethodWorker.invokeTestMethods(TestMethodWorker.java:146)
at org.testng.internal.TestMethodWorker.run(TestMethodWorker.java:128)
at java.base/java.util.ArrayList.forEach(ArrayList.java:1541)
at org.testng.TestRunner.privateRun(TestRunner.java:794)
at org.testng.TestRunner.run(TestRunner.java:596)
at org.testng.SuiteRunner.runTest(SuiteRunner.java:377)
at org.testng.SuiteRunner.runSequentially(SuiteRunner.java:371)
at org.testng.SuiteRunner.privateRun(SuiteRunner.java:332)
at org.testng.SuiteRunner.run(SuiteRunner.java:276)
at org.testng.SuiteRunnerWorker.runSuite(SuiteRunnerWorker.java:53)
at org.testng.SuiteRunnerWorker.run(SuiteRunnerWorker.java:96)
at org.testng.TestNG.runSuitesSequentially(TestNG.java:1212)
at org.testng.TestNG.runSuitesLocally(TestNG.java:1134)
at org.testng.TestNG.runSuites(TestNG.java:1063)
at org.testng.TestNG.run(TestNG.java:1031)
at com.intellij.rt.testng.IDEARemoteTestNG.run(IDEARemoteTestNG.java:66)
at com.intellij.rt.testng.RemoteTestNGStarter.main(RemoteTestNGStarter.java:109)
]]>
    </error>
  </testcase> <!-- filterByMilestone_BetaRelease -->
  <system-out/>
  <testcase classname="testsuite.FilterTaskTest2" name="filterByMilestone_BetaRelease" time="0.000">
    <skipped/>
  </testcase> <!-- filterByMilestone_BetaRelease -->
  <system-out/>
  <testcase classname="testsuite.FilterTaskTest2" name="filterByTeamMember" time="0.000">
    <skipped/>
  </testcase> <!-- filterByTeamMember -->
  <system-out/>
  <testcase classname="testsuite.FilterTaskTest2" name="filterByTeamMember" time="15.033"/>
  <system-out/>
  <testcase classname="testsuite.FilterTaskTest2" name="filterByTeamMember" time="16.512"/>
  <system-out/>
  <testcase classname="testsuite.FilterTaskTest2" name="filterByPriority_Minor" time="0.000">
    <skipped/>
  </testcase> <!-- filterByPriority_Minor -->
  <system-out/>
  <testcase classname="testsuite.FilterTaskTest2" name="filterByPriority_Minor" time="14.766"/>
  <system-out/>
  <testcase classname="testsuite.FilterTaskTest2" name="filterByPriority_Minor" time="16.174"/>
  <system-out/>
  <testcase classname="testsuite.FilterTaskTest2" name="filterByPriority_Major" time="14.766"/>
  <system-out/>
  <testcase classname="testsuite.FilterTaskTest2" name="filterByPriority_Major" time="0.000">
    <skipped/>
  </testcase> <!-- filterByPriority_Major -->
  <system-out/>
  <testcase classname="testsuite.FilterTaskTest2" name="filterByPriority_Major" time="16.924"/>
  <system-out/>
  <testcase classname="testsuite.FilterTaskTest2" name="filterByPriority_Critical" time="19.503"/>
  <system-out/>
  <testcase classname="testsuite.FilterTaskTest2" name="filterByPriority_Critical" time="15.584"/>
  <system-out/>
  <testcase classname="testsuite.FilterTaskTest2" name="filterByPriority_Critical" time="0.000">
    <skipped/>
  </testcase> <!-- filterByPriority_Critical -->
  <system-out/>
  <testcase classname="testsuite.FilterTaskTest2" name="filterByPriority_Blocker" time="16.063"/>
  <system-out/>
  <testcase classname="testsuite.FilterTaskTest2" name="filterByPriority_Blocker" time="17.361"/>
  <system-out/>
  <testcase classname="testsuite.FilterTaskTest2" name="filterByPriority_Blocker" time="0.000">
    <skipped/>
  </testcase> <!-- filterByPriority_Blocker -->
  <system-out/>
  <testcase classname="testsuite.FilterTaskTest2" name="filterByLabel" time="16.604"/>
  <system-out/>
  <testcase classname="testsuite.FilterTaskTest2" name="filterByLabel" time="0.000">
    <skipped/>
  </testcase> <!-- filterByLabel -->
  <system-out/>
  <testcase classname="testsuite.FilterTaskTest2" name="filterByLabel" time="16.168"/>
  <system-out/>
  <testcase classname="testsuite.FilterTaskTest2" name="filterByDeadline_Expired" time="16.687"/>
  <system-out/>
  <testcase classname="testsuite.FilterTaskTest2" name="filterByDeadline_Expired" time="0.000">
    <skipped/>
  </testcase> <!-- filterByDeadline_Expired -->
  <system-out/>
  <testcase classname="testsuite.FilterTaskTest2" name="filterByDeadline_Expired" time="14.640"/>
  <system-out/>
  <testcase classname="testsuite.FilterTaskTest2" name="filterByDeadline_Today" time="0.000">
    <skipped/>
  </testcase> <!-- filterByDeadline_Today -->
  <system-out/>
  <testcase classname="testsuite.FilterTaskTest2" name="filterByDeadline_Today" time="21.727"/>
  <system-out/>
  <testcase classname="testsuite.FilterTaskTest2" name="filterByDeadline_Today" time="21.694"/>
  <system-out/>
  <testcase classname="testsuite.FilterTaskTest2" name="filterByDeadline_Tomorrow" time="18.421"/>
  <system-out/>
  <testcase classname="testsuite.FilterTaskTest2" name="filterByDeadline_Tomorrow" time="16.250"/>
  <system-out/>
  <testcase classname="testsuite.FilterTaskTest2" name="filterByDeadline_Tomorrow" time="0.000">
    <skipped/>
  </testcase> <!-- filterByDeadline_Tomorrow -->
  <system-out/>
  <testcase classname="testsuite.FilterTaskTest2" name="filterByDeadline_In7Days" time="16.940"/>
  <system-out/>
  <testcase classname="testsuite.FilterTaskTest2" name="filterByDeadline_In7Days" time="0.000">
    <skipped/>
  </testcase> <!-- filterByDeadline_In7Days -->
  <system-out/>
  <testcase classname="testsuite.FilterTaskTest2" name="filterByDeadline_In7Days" time="16.432"/>
  <system-out/>
  <testcase classname="testsuite.FilterTaskTest2" name="filterByDeadline_In15Days" time="15.050"/>
  <system-out/>
  <testcase classname="testsuite.FilterTaskTest2" name="filterByDeadline_In15Days" time="16.236"/>
  <system-out/>
  <testcase classname="testsuite.FilterTaskTest2" name="filterByDeadline_In15Days" time="0.000">
    <skipped/>
  </testcase> <!-- filterByDeadline_In15Days -->
  <system-out/>
  <testcase classname="testsuite.FilterTaskTest2" name="filterByDeadline_Custom_Equal_CurrentDay" time="20.903"/>
  <system-out/>
  <testcase classname="testsuite.FilterTaskTest2" name="filterByDeadline_Custom_Equal_CurrentDay" time="20.539"/>
  <system-out/>
  <testcase classname="testsuite.FilterTaskTest2" name="filterByDeadline_Custom_Equal_CurrentDay" time="0.000">
    <skipped/>
  </testcase> <!-- filterByDeadline_Custom_Equal_CurrentDay -->
  <system-out/>
  <testcase classname="testsuite.FilterTaskTest2" name="filterByDeadline_Custom_greater_CurrentDay" time="20.666"/>
  <system-out/>
  <testcase classname="testsuite.FilterTaskTest2" name="filterByDeadline_Custom_greater_CurrentDay" time="25.477"/>
  <system-out/>
  <testcase classname="testsuite.FilterTaskTest2" name="filterByDeadline_Custom_greater_CurrentDay" time="0.000">
    <skipped/>
  </testcase> <!-- filterByDeadline_Custom_greater_CurrentDay -->
  <system-out/>
  <testcase classname="testsuite.FilterTaskTest2" name="filterByDeadline_Custom_Less_CurrentDay" time="22.802"/>
  <system-out/>
  <testcase classname="testsuite.FilterTaskTest2" name="filterByDeadline_Custom_Less_CurrentDay" time="19.995"/>
  <system-out/>
  <testcase classname="testsuite.FilterTaskTest2" name="filterByDeadline_Custom_Less_CurrentDay" time="0.000">
    <skipped/>
  </testcase> <!-- filterByDeadline_Custom_Less_CurrentDay -->
  <system-out/>
  <testcase classname="testsuite.FilterTaskTest2" name="filterByStatus_Todo" time="0.000">
    <skipped/>
  </testcase> <!-- filterByStatus_Todo -->
  <system-out/>
  <testcase classname="testsuite.FilterTaskTest2" name="filterByStatus_Todo" time="19.148"/>
  <system-out/>
  <testcase classname="testsuite.FilterTaskTest2" name="filterByStatus_Todo" time="16.533"/>
  <system-out/>
  <testcase classname="testsuite.FilterTaskTest2" name="filterByStatus_InProgress" time="14.978"/>
  <system-out/>
  <testcase classname="testsuite.FilterTaskTest2" name="filterByStatus_InProgress" time="16.436"/>
  <system-out/>
  <testcase classname="testsuite.FilterTaskTest2" name="filterByStatus_InProgress" time="0.000">
    <skipped/>
  </testcase> <!-- filterByStatus_InProgress -->
  <system-out/>
  <testcase classname="testsuite.FilterTaskTest2" name="filterByStatus_Review" time="17.905"/>
  <system-out/>
  <testcase classname="testsuite.FilterTaskTest2" name="filterByStatus_Review" time="0.000">
    <skipped/>
  </testcase> <!-- filterByStatus_Review -->
  <system-out/>
  <testcase classname="testsuite.FilterTaskTest2" name="filterByStatus_Review" time="15.977"/>
  <system-out/>
  <testcase classname="testsuite.FilterTaskTest2" name="filterByStatus_Done" time="0.000">
    <skipped/>
  </testcase> <!-- filterByStatus_Done -->
  <system-out/>
  <testcase classname="testsuite.FilterTaskTest2" name="filterByStatus_Done" time="18.048"/>
  <system-out/>
  <testcase classname="testsuite.FilterTaskTest2" name="filterByStatus_Done" time="16.529"/>
  <system-out/>
  <testcase classname="testsuite.FilterTaskTest2" name="addFilter_Success" time="0.000">
    <skipped/>
  </testcase> <!-- addFilter_Success -->
  <system-out/>
  <testcase classname="testsuite.FilterTaskTest2" name="addFilter_Success" time="17.719"/>
  <system-out/>
  <testcase classname="testsuite.FilterTaskTest2" name="addFilter_Success" time="19.448"/>
  <system-out/>
  <testcase classname="testsuite.FilterTaskTest2" name="addFilter_Fail" time="14.953"/>
  <system-out/>
  <testcase classname="testsuite.FilterTaskTest2" name="addFilter_Fail" time="15.321"/>
  <system-out/>
  <testcase classname="testsuite.FilterTaskTest2" name="addFilter_Fail" time="0.000">
    <skipped/>
  </testcase> <!-- addFilter_Fail -->
  <system-out/>
  <testcase classname="testsuite.FilterTaskTest2" name="editFilter" time="18.314"/>
  <system-out/>
  <testcase classname="testsuite.FilterTaskTest2" name="editFilter" time="0.000">
    <skipped/>
  </testcase> <!-- editFilter -->
  <system-out/>
  <testcase classname="testsuite.FilterTaskTest2" name="editFilter" time="17.831"/>
  <system-out/>
  <testcase classname="testsuite.FilterTaskTest2" name="deleteFilter" time="0.000">
    <skipped/>
  </testcase> <!-- deleteFilter -->
  <system-out/>
  <testcase classname="testsuite.FilterTaskTest2" name="deleteFilter" time="16.165"/>
  <system-out/>
  <testcase classname="testsuite.FilterTaskTest2" name="deleteFilter" time="17.070"/>
  <system-out/>
</testsuite> <!-- testsuite.FilterTaskTest2 -->
