<?xml version="1.0" encoding="UTF-8"?>
<!-- Generated by org.testng.reporters.JUnitXMLReporter -->
<testsuite ignored="0" hostname="DESKTOP-KDQOQ35" failures="4" tests="36" name="Run Parallel test Chrome" time="710.83" errors="0" timestamp="2024-04-10T22:24:10 ICT">
  <testcase classname="testsuite.FilterTaskTest2" name="filterByRelatedTo_Project" time="3.397"/>
  <testcase classname="testsuite.FilterTaskTest2" name="filterByRelatedTo_Client" time="23.618">
    <failure type="org.openqa.selenium.TimeoutException" message="Expected condition failed: waiting for visibility of element located by By.xpath: //table[@id=&amp;apos;task-table&amp;apos;]//tr//td[6]//a (tried for 10 second(s) with 500 milliseconds interval)
Build info: version: &amp;apos;4.10.0&amp;apos;, revision: &amp;apos;c14d967899&amp;apos;
System info: os.name: &amp;apos;Windows 10&amp;apos;, os.arch: &amp;apos;amd64&amp;apos;, os.version: &amp;apos;10.0&amp;apos;, java.version: &amp;apos;11.0.21&amp;apos;
Driver info: org.openqa.selenium.chrome.ChromeDriver
Capabilities {acceptInsecureCerts: false, browserName: chrome, browserVersion: 123.0.6312.106, chrome: {chromedriverVersion: 123.0.6312.105 (399174dbe6e..., userDataDir: C:\Users\Admin\AppData\Loca...}, fedcm:accounts: true, goog:chromeOptions: {debuggerAddress: localhost:51742}, networkConnectionEnabled: false, pageLoadStrategy: normal, platformName: windows, proxy: Proxy(), se:cdp: ws://localhost:51742/devtoo..., se:cdpVersion: 123.0.6312.106, setWindowRect: true, strictFileInteractability: false, timeouts: {implicit: 0, pageLoad: 300000, script: 30000}, unhandledPromptBehavior: dismiss and notify, webauthn:extension:credBlob: true, webauthn:extension:largeBlob: true, webauthn:extension:minPinLength: true, webauthn:extension:prf: true, webauthn:virtualAuthenticators: true}
Session ID: 5dba52f23852d8939ab92a9fb5a52327">
      <![CDATA[org.openqa.selenium.TimeoutException: Expected condition failed: waiting for visibility of element located by By.xpath: //table[@id='task-table']//tr//td[6]//a (tried for 10 second(s) with 500 milliseconds interval)
Build info: version: '4.10.0', revision: 'c14d967899'
System info: os.name: 'Windows 10', os.arch: 'amd64', os.version: '10.0', java.version: '11.0.21'
Driver info: org.openqa.selenium.chrome.ChromeDriver
Capabilities {acceptInsecureCerts: false, browserName: chrome, browserVersion: 123.0.6312.106, chrome: {chromedriverVersion: 123.0.6312.105 (399174dbe6e..., userDataDir: C:\Users\Admin\AppData\Loca...}, fedcm:accounts: true, goog:chromeOptions: {debuggerAddress: localhost:51742}, networkConnectionEnabled: false, pageLoadStrategy: normal, platformName: windows, proxy: Proxy(), se:cdp: ws://localhost:51742/devtoo..., se:cdpVersion: 123.0.6312.106, setWindowRect: true, strictFileInteractability: false, timeouts: {implicit: 0, pageLoad: 300000, script: 30000}, unhandledPromptBehavior: dismiss and notify, webauthn:extension:credBlob: true, webauthn:extension:largeBlob: true, webauthn:extension:minPinLength: true, webauthn:extension:prf: true, webauthn:virtualAuthenticators: true}
Session ID: 5dba52f23852d8939ab92a9fb5a52327
at org.openqa.selenium.support.ui.WebDriverWait.timeoutException(WebDriverWait.java:84)
at org.openqa.selenium.support.ui.FluentWait.until(FluentWait.java:230)
at common.CommonBase.getElements(CommonBase.java:137)
at testsuite.FilterTaskTest2.checkListTaskFilterByRelatedTo(FilterTaskTest2.java:43)
at testsuite.FilterTaskTest2.filterByRelatedTo_Client(FilterTaskTest2.java:78)
at java.base/java.util.ArrayList.forEach(ArrayList.java:1541)
at com.intellij.rt.testng.IDEARemoteTestNG.run(IDEARemoteTestNG.java:66)
at com.intellij.rt.testng.RemoteTestNGStarter.main(RemoteTestNGStarter.java:109)
... Removed 24 stack frames]]>
    </failure>
  </testcase> <!-- filterByRelatedTo_Client -->
  <testcase classname="testsuite.FilterTaskTest2" name="filterByRelatedTo_Contract" time="8.218"/>
  <testcase classname="testsuite.FilterTaskTest2" name="filterByRelatedTo_Estimate" time="8.199"/>
  <testcase classname="testsuite.FilterTaskTest2" name="filterByRelatedTo_Expense" time="23.352">
    <failure type="org.openqa.selenium.TimeoutException" message="Expected condition failed: waiting for visibility of element located by By.xpath: s2id_expense_id (tried for 20 second(s) with 500 milliseconds interval)
Build info: version: &amp;apos;4.10.0&amp;apos;, revision: &amp;apos;c14d967899&amp;apos;
System info: os.name: &amp;apos;Windows 10&amp;apos;, os.arch: &amp;apos;amd64&amp;apos;, os.version: &amp;apos;10.0&amp;apos;, java.version: &amp;apos;11.0.21&amp;apos;
Driver info: org.openqa.selenium.chrome.ChromeDriver
Capabilities {acceptInsecureCerts: false, browserName: chrome, browserVersion: 123.0.6312.106, chrome: {chromedriverVersion: 123.0.6312.105 (399174dbe6e..., userDataDir: C:\Users\Admin\AppData\Loca...}, fedcm:accounts: true, goog:chromeOptions: {debuggerAddress: localhost:51854}, networkConnectionEnabled: false, pageLoadStrategy: normal, platformName: windows, proxy: Proxy(), se:cdp: ws://localhost:51854/devtoo..., se:cdpVersion: 123.0.6312.106, setWindowRect: true, strictFileInteractability: false, timeouts: {implicit: 0, pageLoad: 300000, script: 30000}, unhandledPromptBehavior: dismiss and notify, webauthn:extension:credBlob: true, webauthn:extension:largeBlob: true, webauthn:extension:minPinLength: true, webauthn:extension:prf: true, webauthn:virtualAuthenticators: true}
Session ID: fa986425fc1fab0ff73874188ab7d5b3">
      <![CDATA[org.openqa.selenium.TimeoutException: Expected condition failed: waiting for visibility of element located by By.xpath: s2id_expense_id (tried for 20 second(s) with 500 milliseconds interval)
Build info: version: '4.10.0', revision: 'c14d967899'
System info: os.name: 'Windows 10', os.arch: 'amd64', os.version: '10.0', java.version: '11.0.21'
Driver info: org.openqa.selenium.chrome.ChromeDriver
Capabilities {acceptInsecureCerts: false, browserName: chrome, browserVersion: 123.0.6312.106, chrome: {chromedriverVersion: 123.0.6312.105 (399174dbe6e..., userDataDir: C:\Users\Admin\AppData\Loca...}, fedcm:accounts: true, goog:chromeOptions: {debuggerAddress: localhost:51854}, networkConnectionEnabled: false, pageLoadStrategy: normal, platformName: windows, proxy: Proxy(), se:cdp: ws://localhost:51854/devtoo..., se:cdpVersion: 123.0.6312.106, setWindowRect: true, strictFileInteractability: false, timeouts: {implicit: 0, pageLoad: 300000, script: 30000}, unhandledPromptBehavior: dismiss and notify, webauthn:extension:credBlob: true, webauthn:extension:largeBlob: true, webauthn:extension:minPinLength: true, webauthn:extension:prf: true, webauthn:virtualAuthenticators: true}
Session ID: fa986425fc1fab0ff73874188ab7d5b3
at org.openqa.selenium.support.ui.WebDriverWait.timeoutException(WebDriverWait.java:84)
at org.openqa.selenium.support.ui.FluentWait.until(FluentWait.java:230)
at common.CommonBase.getElement(CommonBase.java:143)
at common.CommonBase.clickElement(CommonBase.java:155)
at pages.TaskPage2.clickElement(TaskPage2.java:74)
at pages.TaskPage2.addTaskDataForRelatedToFilter(TaskPage2.java:109)
at testsuite.FilterTaskTest2.filterByRelatedTo_Expense(FilterTaskTest2.java:107)
at java.base/java.util.ArrayList.forEach(ArrayList.java:1541)
at com.intellij.rt.testng.IDEARemoteTestNG.run(IDEARemoteTestNG.java:66)
at com.intellij.rt.testng.RemoteTestNGStarter.main(RemoteTestNGStarter.java:109)
... Removed 24 stack frames]]>
    </failure>
  </testcase> <!-- filterByRelatedTo_Expense -->
  <testcase classname="testsuite.FilterTaskTest2" name="filterByRelatedTo_Invoice" time="8.067"/>
  <testcase classname="testsuite.FilterTaskTest2" name="filterByRelatedTo_Lead" time="8.061"/>
  <testcase classname="testsuite.FilterTaskTest2" name="filterByRelatedTo_Order" time="7.217"/>
  <testcase classname="testsuite.FilterTaskTest2" name="filterByRelatedTo_Proposal" time="8.083"/>
  <testcase classname="testsuite.FilterTaskTest2" name="filterByRelatedTo_Subscription" time="8.777"/>
  <testcase classname="testsuite.FilterTaskTest2" name="filterByRelatedTo_Ticket" time="8.362"/>
  <testcase classname="testsuite.FilterTaskTest2" name="filterByProject" time="3.203"/>
  <testcase classname="testsuite.FilterTaskTest2" name="filterByMilestone_Release" time="20.502">
    <failure type="org.openqa.selenium.TimeoutException" message="Expected condition failed: waiting for visibility of element located by By.id: s2id_autogen12_search (tried for 20 second(s) with 500 milliseconds interval)
Build info: version: &amp;apos;4.10.0&amp;apos;, revision: &amp;apos;c14d967899&amp;apos;
System info: os.name: &amp;apos;Windows 10&amp;apos;, os.arch: &amp;apos;amd64&amp;apos;, os.version: &amp;apos;10.0&amp;apos;, java.version: &amp;apos;11.0.21&amp;apos;
Driver info: org.openqa.selenium.chrome.ChromeDriver
Capabilities {acceptInsecureCerts: false, browserName: chrome, browserVersion: 123.0.6312.106, chrome: {chromedriverVersion: 123.0.6312.105 (399174dbe6e..., userDataDir: C:\Users\Admin\AppData\Loca...}, fedcm:accounts: true, goog:chromeOptions: {debuggerAddress: localhost:52127}, networkConnectionEnabled: false, pageLoadStrategy: normal, platformName: windows, proxy: Proxy(), se:cdp: ws://localhost:52127/devtoo..., se:cdpVersion: 123.0.6312.106, setWindowRect: true, strictFileInteractability: false, timeouts: {implicit: 0, pageLoad: 300000, script: 30000}, unhandledPromptBehavior: dismiss and notify, webauthn:extension:credBlob: true, webauthn:extension:largeBlob: true, webauthn:extension:minPinLength: true, webauthn:extension:prf: true, webauthn:virtualAuthenticators: true}
Session ID: 71c69622a6553433acd9c62b7972d170">
      <![CDATA[org.openqa.selenium.TimeoutException: Expected condition failed: waiting for visibility of element located by By.id: s2id_autogen12_search (tried for 20 second(s) with 500 milliseconds interval)
Build info: version: '4.10.0', revision: 'c14d967899'
System info: os.name: 'Windows 10', os.arch: 'amd64', os.version: '10.0', java.version: '11.0.21'
Driver info: org.openqa.selenium.chrome.ChromeDriver
Capabilities {acceptInsecureCerts: false, browserName: chrome, browserVersion: 123.0.6312.106, chrome: {chromedriverVersion: 123.0.6312.105 (399174dbe6e..., userDataDir: C:\Users\Admin\AppData\Loca...}, fedcm:accounts: true, goog:chromeOptions: {debuggerAddress: localhost:52127}, networkConnectionEnabled: false, pageLoadStrategy: normal, platformName: windows, proxy: Proxy(), se:cdp: ws://localhost:52127/devtoo..., se:cdpVersion: 123.0.6312.106, setWindowRect: true, strictFileInteractability: false, timeouts: {implicit: 0, pageLoad: 300000, script: 30000}, unhandledPromptBehavior: dismiss and notify, webauthn:extension:credBlob: true, webauthn:extension:largeBlob: true, webauthn:extension:minPinLength: true, webauthn:extension:prf: true, webauthn:virtualAuthenticators: true}
Session ID: 71c69622a6553433acd9c62b7972d170
at org.openqa.selenium.support.ui.WebDriverWait.timeoutException(WebDriverWait.java:84)
at org.openqa.selenium.support.ui.FluentWait.until(FluentWait.java:230)
at common.CommonBase.getElement(CommonBase.java:143)
at common.CommonBase.sendKeysElement(CommonBase.java:169)
at pages.TaskPage2.sendKeysElement(TaskPage2.java:78)
at pages.TaskPage2.filterByMilestone(TaskPage2.java:192)
at testsuite.FilterTaskTest2.filterByMilestone_Release(FilterTaskTest2.java:219)
at java.base/java.util.ArrayList.forEach(ArrayList.java:1541)
at com.intellij.rt.testng.IDEARemoteTestNG.run(IDEARemoteTestNG.java:66)
at com.intellij.rt.testng.RemoteTestNGStarter.main(RemoteTestNGStarter.java:109)
... Removed 24 stack frames]]>
    </failure>
  </testcase> <!-- filterByMilestone_Release -->
  <testcase classname="testsuite.FilterTaskTest2" name="filterByMilestone_BetaRelease" time="20.841">
    <failure type="org.openqa.selenium.TimeoutException" message="Expected condition failed: waiting for visibility of element located by By.id: s2id_autogen12_search (tried for 20 second(s) with 500 milliseconds interval)
Build info: version: &amp;apos;4.10.0&amp;apos;, revision: &amp;apos;c14d967899&amp;apos;
System info: os.name: &amp;apos;Windows 10&amp;apos;, os.arch: &amp;apos;amd64&amp;apos;, os.version: &amp;apos;10.0&amp;apos;, java.version: &amp;apos;11.0.21&amp;apos;
Driver info: org.openqa.selenium.chrome.ChromeDriver
Capabilities {acceptInsecureCerts: false, browserName: chrome, browserVersion: 123.0.6312.106, chrome: {chromedriverVersion: 123.0.6312.105 (399174dbe6e..., userDataDir: C:\Users\Admin\AppData\Loca...}, fedcm:accounts: true, goog:chromeOptions: {debuggerAddress: localhost:52159}, networkConnectionEnabled: false, pageLoadStrategy: normal, platformName: windows, proxy: Proxy(), se:cdp: ws://localhost:52159/devtoo..., se:cdpVersion: 123.0.6312.106, setWindowRect: true, strictFileInteractability: false, timeouts: {implicit: 0, pageLoad: 300000, script: 30000}, unhandledPromptBehavior: dismiss and notify, webauthn:extension:credBlob: true, webauthn:extension:largeBlob: true, webauthn:extension:minPinLength: true, webauthn:extension:prf: true, webauthn:virtualAuthenticators: true}
Session ID: 23bbf0f296a8bb34a1f301bae4b154f7">
      <![CDATA[org.openqa.selenium.TimeoutException: Expected condition failed: waiting for visibility of element located by By.id: s2id_autogen12_search (tried for 20 second(s) with 500 milliseconds interval)
Build info: version: '4.10.0', revision: 'c14d967899'
System info: os.name: 'Windows 10', os.arch: 'amd64', os.version: '10.0', java.version: '11.0.21'
Driver info: org.openqa.selenium.chrome.ChromeDriver
Capabilities {acceptInsecureCerts: false, browserName: chrome, browserVersion: 123.0.6312.106, chrome: {chromedriverVersion: 123.0.6312.105 (399174dbe6e..., userDataDir: C:\Users\Admin\AppData\Loca...}, fedcm:accounts: true, goog:chromeOptions: {debuggerAddress: localhost:52159}, networkConnectionEnabled: false, pageLoadStrategy: normal, platformName: windows, proxy: Proxy(), se:cdp: ws://localhost:52159/devtoo..., se:cdpVersion: 123.0.6312.106, setWindowRect: true, strictFileInteractability: false, timeouts: {implicit: 0, pageLoad: 300000, script: 30000}, unhandledPromptBehavior: dismiss and notify, webauthn:extension:credBlob: true, webauthn:extension:largeBlob: true, webauthn:extension:minPinLength: true, webauthn:extension:prf: true, webauthn:virtualAuthenticators: true}
Session ID: 23bbf0f296a8bb34a1f301bae4b154f7
at org.openqa.selenium.support.ui.WebDriverWait.timeoutException(WebDriverWait.java:84)
at org.openqa.selenium.support.ui.FluentWait.until(FluentWait.java:230)
at common.CommonBase.getElement(CommonBase.java:143)
at common.CommonBase.sendKeysElement(CommonBase.java:169)
at pages.TaskPage2.sendKeysElement(TaskPage2.java:78)
at pages.TaskPage2.filterByMilestone(TaskPage2.java:192)
at testsuite.FilterTaskTest2.filterByMilestone_BetaRelease(FilterTaskTest2.java:229)
at java.base/java.util.ArrayList.forEach(ArrayList.java:1541)
at com.intellij.rt.testng.IDEARemoteTestNG.run(IDEARemoteTestNG.java:66)
at com.intellij.rt.testng.RemoteTestNGStarter.main(RemoteTestNGStarter.java:109)
... Removed 24 stack frames]]>
    </failure>
  </testcase> <!-- filterByMilestone_BetaRelease -->
  <testcase classname="testsuite.FilterTaskTest2" name="filterByTeamMember" time="1.794"/>
  <testcase classname="testsuite.FilterTaskTest2" name="filterByPriority_Minor" time="3.196"/>
  <testcase classname="testsuite.FilterTaskTest2" name="filterByPriority_Major" time="3.232"/>
  <testcase classname="testsuite.FilterTaskTest2" name="filterByPriority_Critical" time="2.985"/>
  <testcase classname="testsuite.FilterTaskTest2" name="filterByPriority_Blocker" time="2.799"/>
  <testcase classname="testsuite.FilterTaskTest2" name="filterByLabel" time="3.029"/>
  <testcase classname="testsuite.FilterTaskTest2" name="filterByDeadline_Expired" time="2.805"/>
  <testcase classname="testsuite.FilterTaskTest2" name="filterByDeadline_Today" time="7.776"/>
  <testcase classname="testsuite.FilterTaskTest2" name="filterByDeadline_Tomorrow" time="3.692"/>
  <testcase classname="testsuite.FilterTaskTest2" name="filterByDeadline_In7Days" time="2.913"/>
  <testcase classname="testsuite.FilterTaskTest2" name="filterByDeadline_In15Days" time="2.905"/>
  <testcase classname="testsuite.FilterTaskTest2" name="filterByDeadline_Custom_Equal_CurrentDay" time="7.886"/>
  <testcase classname="testsuite.FilterTaskTest2" name="filterByDeadline_Custom_greater_CurrentDay" time="7.97"/>
  <testcase classname="testsuite.FilterTaskTest2" name="filterByDeadline_Custom_Less_CurrentDay" time="7.971"/>
  <testcase classname="testsuite.FilterTaskTest2" name="filterByStatus_Todo" time="3.127"/>
  <testcase classname="testsuite.FilterTaskTest2" name="filterByStatus_InProgress" time="3.037"/>
  <testcase classname="testsuite.FilterTaskTest2" name="filterByStatus_Review" time="3.147"/>
  <testcase classname="testsuite.FilterTaskTest2" name="filterByStatus_Done" time="3.294"/>
  <testcase classname="testsuite.FilterTaskTest2" name="addFilter_Success" time="3.327"/>
  <testcase classname="testsuite.FilterTaskTest2" name="addFilter_Fail" time="1.64"/>
  <testcase classname="testsuite.FilterTaskTest2" name="editFilter" time="4.732"/>
  <testcase classname="testsuite.FilterTaskTest2" name="deleteFilter" time="3.701"/>
</testsuite> <!-- Run Parallel test Chrome -->
