<?xml version="1.0" encoding="UTF-8"?>
<!-- Generated by org.testng.reporters.JUnitXMLReporter -->
<testsuite ignored="0" hostname="Phuongs-MacBook-Pro.local" failures="0" tests="1" name="Run Parallel test Edge" time="0.025" errors="0" timestamp="2024-03-30T10:44:08 AEDT">
  <testcase classname="testsuite.AddTask" name="@BeforeMethod openBrowser" time="0.005">
    <failure type="org.openqa.selenium.remote.NoSuchDriverException" message="chromedriver located at /Users/phuongthanhhai/eclipse/final-project/FinalProject/driver/chromedriver, cannot be executed
For documentation on this error, please visit: https://www.selenium.dev/documentation/webdriver/troubleshooting/errors/driver_location/
Build info: version: &amp;apos;4.10.0&amp;apos;, revision: &amp;apos;c14d967899&amp;apos;
System info: os.name: &amp;apos;Mac OS X&amp;apos;, os.arch: &amp;apos;x86_64&amp;apos;, os.version: &amp;apos;13.6.1&amp;apos;, java.version: &amp;apos;11.0.20&amp;apos;
Driver info: driver.version: ChromeDriver">
      <![CDATA[org.openqa.selenium.remote.NoSuchDriverException: chromedriver located at /Users/phuongthanhhai/eclipse/final-project/FinalProject/driver/chromedriver, cannot be executed
For documentation on this error, please visit: https://www.selenium.dev/documentation/webdriver/troubleshooting/errors/driver_location/
Build info: version: '4.10.0', revision: 'c14d967899'
System info: os.name: 'Mac OS X', os.arch: 'x86_64', os.version: '13.6.1', java.version: '11.0.20'
Driver info: driver.version: ChromeDriver
at org.openqa.selenium.remote.service.DriverFinder.getPath(DriverFinder.java:45)
at org.openqa.selenium.chrome.ChromeDriver.generateExecutor(ChromeDriver.java:98)
at org.openqa.selenium.chrome.ChromeDriver.<init>(ChromeDriver.java:87)
at org.openqa.selenium.chrome.ChromeDriver.<init>(ChromeDriver.java:82)
at org.openqa.selenium.chrome.ChromeDriver.<init>(ChromeDriver.java:50)
at common.CommonBase.initChromeDriver(CommonBase.java:83)
at common.CommonBase.setupDriver(CommonBase.java:148)
at testsuite.AddTask.openBrowser(AddTask.java:31)
at java.base/java.util.ArrayList.forEach(ArrayList.java:1541)
... Removed 31 stack frames]]>
    </failure>
  </testcase> <!-- @BeforeMethod openBrowser -->
  <testcase classname="testsuite.AddTask" name="addNewTask" time="0.0">
    <skipped/>
  </testcase> <!-- addNewTask -->
</testsuite> <!-- Run Parallel test Edge -->
