<html>
<head>
<title>TestNG:  Run Parallel test Chrome</title>
<link href="../testng.css" rel="stylesheet" type="text/css" />
<link href="../my-testng.css" rel="stylesheet" type="text/css" />

<style type="text/css">
.log { display: none;} 
.stack-trace { display: none;} 
</style>
<script type="text/javascript">
<!--
function flip(e) {
  current = e.style.display;
  if (current == 'block') {
    e.style.display = 'none';
    return 0;
  }
  else {
    e.style.display = 'block';
    return 1;
  }
}

function toggleBox(szDivId, elem, msg1, msg2)
{
  var res = -1;  if (document.getElementById) {
    res = flip(document.getElementById(szDivId));
  }
  else if (document.all) {
    // this is the way old msie versions work
    res = flip(document.all[szDivId]);
  }
  if(elem) {
    if(res == 0) elem.innerHTML = msg1; else elem.innerHTML = msg2;
  }

}

function toggleAllBoxes() {
  if (document.getElementsByTagName) {
    d = document.getElementsByTagName('div');
    for (i = 0; i < d.length; i++) {
      if (d[i].className == 'log') {
        flip(d[i]);
      }
    }
  }
}

// -->
</script>

</head>
<body>
<h2 align='center'>Run Parallel test Chrome</h2><table border='1' align="center">
<tr>
<td>Tests passed/Failed/Skipped:</td><td>32/4/0</td>
</tr><tr>
<td>Started on:</td><td>Wed Apr 10 22:12:19 ICT 2024</td>
</tr>
<tr><td>Total time:</td><td>710 seconds (710830 ms)</td>
</tr><tr>
<td>Included groups:</td><td></td>
</tr><tr>
<td>Excluded groups:</td><td></td>
</tr>
</table><p/>
<small><i>(Hover the method name to see the test class name)</i></small><p/>
<table width='100%' border='1' class='invocation-failed'>
<tr><td colspan='4' align='center'><b>FAILED TESTS</b></td></tr>
<tr><td><b>Test method</b></td>
<td width="30%"><b>Exception</b></td>
<td width="10%"><b>Time (seconds)</b></td>
<td><b>Instance</b></td>
</tr>
<tr>
<td title='testsuite.FilterTaskTest2.filterByRelatedTo_Client()'><b>filterByRelatedTo_Client</b><br>Test class: testsuite.FilterTaskTest2</td>
<td><div><pre>org.openqa.selenium.TimeoutException: Expected condition failed: waiting for visibility of element located by By.xpath: //table[@id=&apos;task-table&apos;]//tr//td[6]//a (tried for 10 second(s) with 500 milliseconds interval)
Build info: version: &apos;4.10.0&apos;, revision: &apos;c14d967899&apos;
System info: os.name: &apos;Windows 10&apos;, os.arch: &apos;amd64&apos;, os.version: &apos;10.0&apos;, java.version: &apos;11.0.21&apos;
Driver info: org.openqa.selenium.chrome.ChromeDriver
Capabilities {acceptInsecureCerts: false, browserName: chrome, browserVersion: 123.0.6312.106, chrome: {chromedriverVersion: 123.0.6312.105 (399174dbe6e..., userDataDir: C:\Users\Admin\AppData\Loca...}, fedcm:accounts: true, goog:chromeOptions: {debuggerAddress: localhost:51742}, networkConnectionEnabled: false, pageLoadStrategy: normal, platformName: windows, proxy: Proxy(), se:cdp: ws://localhost:51742/devtoo..., se:cdpVersion: 123.0.6312.106, setWindowRect: true, strictFileInteractability: false, timeouts: {implicit: 0, pageLoad: 300000, script: 30000}, unhandledPromptBehavior: dismiss and notify, webauthn:extension:credBlob: true, webauthn:extension:largeBlob: true, webauthn:extension:minPinLength: true, webauthn:extension:prf: true, webauthn:virtualAuthenticators: true}
Session ID: 5dba52f23852d8939ab92a9fb5a52327
	at org.openqa.selenium.support.ui.WebDriverWait.timeoutException(WebDriverWait.java:84)
	at org.openqa.selenium.support.ui.FluentWait.until(FluentWait.java:230)
	at common.CommonBase.getElements(CommonBase.java:137)
	at testsuite.FilterTaskTest2.checkListTaskFilterByRelatedTo(FilterTaskTest2.java:43)
	at testsuite.FilterTaskTest2.filterByRelatedTo_Client(FilterTaskTest2.java:78)
	at java.base/java.util.ArrayList.forEach(ArrayList.java:1541)
	at com.intellij.rt.testng.IDEARemoteTestNG.run(IDEARemoteTestNG.java:66)
	at com.intellij.rt.testng.RemoteTestNGStarter.main(RemoteTestNGStarter.java:109)
... Removed 24 stack frames</pre></div><a href='#' onClick='toggleBox("stack-trace227644740", this, "Click to show all stack frames", "Click to hide stack frames")'>Click to show all stack frames</a>
<div class='stack-trace' id='stack-trace227644740'><pre>org.openqa.selenium.TimeoutException: Expected condition failed: waiting for visibility of element located by By.xpath: //table[@id=&apos;task-table&apos;]//tr//td[6]//a (tried for 10 second(s) with 500 milliseconds interval)
Build info: version: &apos;4.10.0&apos;, revision: &apos;c14d967899&apos;
System info: os.name: &apos;Windows 10&apos;, os.arch: &apos;amd64&apos;, os.version: &apos;10.0&apos;, java.version: &apos;11.0.21&apos;
Driver info: org.openqa.selenium.chrome.ChromeDriver
Capabilities {acceptInsecureCerts: false, browserName: chrome, browserVersion: 123.0.6312.106, chrome: {chromedriverVersion: 123.0.6312.105 (399174dbe6e..., userDataDir: C:\Users\Admin\AppData\Loca...}, fedcm:accounts: true, goog:chromeOptions: {debuggerAddress: localhost:51742}, networkConnectionEnabled: false, pageLoadStrategy: normal, platformName: windows, proxy: Proxy(), se:cdp: ws://localhost:51742/devtoo..., se:cdpVersion: 123.0.6312.106, setWindowRect: true, strictFileInteractability: false, timeouts: {implicit: 0, pageLoad: 300000, script: 30000}, unhandledPromptBehavior: dismiss and notify, webauthn:extension:credBlob: true, webauthn:extension:largeBlob: true, webauthn:extension:minPinLength: true, webauthn:extension:prf: true, webauthn:virtualAuthenticators: true}
Session ID: 5dba52f23852d8939ab92a9fb5a52327
	at org.openqa.selenium.support.ui.WebDriverWait.timeoutException(WebDriverWait.java:84)
	at org.openqa.selenium.support.ui.FluentWait.until(FluentWait.java:230)
	at common.CommonBase.getElements(CommonBase.java:137)
	at testsuite.FilterTaskTest2.checkListTaskFilterByRelatedTo(FilterTaskTest2.java:43)
	at testsuite.FilterTaskTest2.filterByRelatedTo_Client(FilterTaskTest2.java:78)
	at java.base/jdk.internal.reflect.NativeMethodAccessorImpl.invoke0(Native Method)
	at java.base/jdk.internal.reflect.NativeMethodAccessorImpl.invoke(NativeMethodAccessorImpl.java:62)
	at java.base/jdk.internal.reflect.DelegatingMethodAccessorImpl.invoke(DelegatingMethodAccessorImpl.java:43)
	at java.base/java.lang.reflect.Method.invoke(Method.java:566)
	at org.testng.internal.MethodInvocationHelper.invokeMethod(MethodInvocationHelper.java:133)
	at org.testng.internal.TestInvoker.invokeMethod(TestInvoker.java:598)
	at org.testng.internal.TestInvoker.invokeTestMethod(TestInvoker.java:173)
	at org.testng.internal.MethodRunner.runInSequence(MethodRunner.java:46)
	at org.testng.internal.TestInvoker$MethodInvocationAgent.invoke(TestInvoker.java:824)
	at org.testng.internal.TestInvoker.invokeTestMethods(TestInvoker.java:146)
	at org.testng.internal.TestMethodWorker.invokeTestMethods(TestMethodWorker.java:146)
	at org.testng.internal.TestMethodWorker.run(TestMethodWorker.java:128)
	at java.base/java.util.ArrayList.forEach(ArrayList.java:1541)
	at org.testng.TestRunner.privateRun(TestRunner.java:794)
	at org.testng.TestRunner.run(TestRunner.java:596)
	at org.testng.SuiteRunner.runTest(SuiteRunner.java:377)
	at org.testng.SuiteRunner.runSequentially(SuiteRunner.java:371)
	at org.testng.SuiteRunner.privateRun(SuiteRunner.java:332)
	at org.testng.SuiteRunner.run(SuiteRunner.java:276)
	at org.testng.SuiteRunnerWorker.runSuite(SuiteRunnerWorker.java:53)
	at org.testng.SuiteRunnerWorker.run(SuiteRunnerWorker.java:96)
	at org.testng.TestNG.runSuitesSequentially(TestNG.java:1212)
	at org.testng.TestNG.runSuitesLocally(TestNG.java:1134)
	at org.testng.TestNG.runSuites(TestNG.java:1063)
	at org.testng.TestNG.run(TestNG.java:1031)
	at com.intellij.rt.testng.IDEARemoteTestNG.run(IDEARemoteTestNG.java:66)
	at com.intellij.rt.testng.RemoteTestNGStarter.main(RemoteTestNGStarter.java:109)
</pre></div></td>
<td>23</td>
<td>testsuite.FilterTaskTest2@1dac5ef</td></tr>
<tr>
<td title='testsuite.FilterTaskTest2.filterByMilestone_Release()'><b>filterByMilestone_Release</b><br>Test class: testsuite.FilterTaskTest2</td>
<td><div><pre>org.openqa.selenium.TimeoutException: Expected condition failed: waiting for visibility of element located by By.id: s2id_autogen12_search (tried for 20 second(s) with 500 milliseconds interval)
Build info: version: &apos;4.10.0&apos;, revision: &apos;c14d967899&apos;
System info: os.name: &apos;Windows 10&apos;, os.arch: &apos;amd64&apos;, os.version: &apos;10.0&apos;, java.version: &apos;11.0.21&apos;
Driver info: org.openqa.selenium.chrome.ChromeDriver
Capabilities {acceptInsecureCerts: false, browserName: chrome, browserVersion: 123.0.6312.106, chrome: {chromedriverVersion: 123.0.6312.105 (399174dbe6e..., userDataDir: C:\Users\Admin\AppData\Loca...}, fedcm:accounts: true, goog:chromeOptions: {debuggerAddress: localhost:52127}, networkConnectionEnabled: false, pageLoadStrategy: normal, platformName: windows, proxy: Proxy(), se:cdp: ws://localhost:52127/devtoo..., se:cdpVersion: 123.0.6312.106, setWindowRect: true, strictFileInteractability: false, timeouts: {implicit: 0, pageLoad: 300000, script: 30000}, unhandledPromptBehavior: dismiss and notify, webauthn:extension:credBlob: true, webauthn:extension:largeBlob: true, webauthn:extension:minPinLength: true, webauthn:extension:prf: true, webauthn:virtualAuthenticators: true}
Session ID: 71c69622a6553433acd9c62b7972d170
	at org.openqa.selenium.support.ui.WebDriverWait.timeoutException(WebDriverWait.java:84)
	at org.openqa.selenium.support.ui.FluentWait.until(FluentWait.java:230)
	at common.CommonBase.getElement(CommonBase.java:143)
	at common.CommonBase.sendKeysElement(CommonBase.java:169)
	at pages.TaskPage2.sendKeysElement(TaskPage2.java:78)
	at pages.TaskPage2.filterByMilestone(TaskPage2.java:192)
	at testsuite.FilterTaskTest2.filterByMilestone_Release(FilterTaskTest2.java:219)
	at java.base/java.util.ArrayList.forEach(ArrayList.java:1541)
	at com.intellij.rt.testng.IDEARemoteTestNG.run(IDEARemoteTestNG.java:66)
	at com.intellij.rt.testng.RemoteTestNGStarter.main(RemoteTestNGStarter.java:109)
... Removed 24 stack frames</pre></div><a href='#' onClick='toggleBox("stack-trace87816081", this, "Click to show all stack frames", "Click to hide stack frames")'>Click to show all stack frames</a>
<div class='stack-trace' id='stack-trace87816081'><pre>org.openqa.selenium.TimeoutException: Expected condition failed: waiting for visibility of element located by By.id: s2id_autogen12_search (tried for 20 second(s) with 500 milliseconds interval)
Build info: version: &apos;4.10.0&apos;, revision: &apos;c14d967899&apos;
System info: os.name: &apos;Windows 10&apos;, os.arch: &apos;amd64&apos;, os.version: &apos;10.0&apos;, java.version: &apos;11.0.21&apos;
Driver info: org.openqa.selenium.chrome.ChromeDriver
Capabilities {acceptInsecureCerts: false, browserName: chrome, browserVersion: 123.0.6312.106, chrome: {chromedriverVersion: 123.0.6312.105 (399174dbe6e..., userDataDir: C:\Users\Admin\AppData\Loca...}, fedcm:accounts: true, goog:chromeOptions: {debuggerAddress: localhost:52127}, networkConnectionEnabled: false, pageLoadStrategy: normal, platformName: windows, proxy: Proxy(), se:cdp: ws://localhost:52127/devtoo..., se:cdpVersion: 123.0.6312.106, setWindowRect: true, strictFileInteractability: false, timeouts: {implicit: 0, pageLoad: 300000, script: 30000}, unhandledPromptBehavior: dismiss and notify, webauthn:extension:credBlob: true, webauthn:extension:largeBlob: true, webauthn:extension:minPinLength: true, webauthn:extension:prf: true, webauthn:virtualAuthenticators: true}
Session ID: 71c69622a6553433acd9c62b7972d170
	at org.openqa.selenium.support.ui.WebDriverWait.timeoutException(WebDriverWait.java:84)
	at org.openqa.selenium.support.ui.FluentWait.until(FluentWait.java:230)
	at common.CommonBase.getElement(CommonBase.java:143)
	at common.CommonBase.sendKeysElement(CommonBase.java:169)
	at pages.TaskPage2.sendKeysElement(TaskPage2.java:78)
	at pages.TaskPage2.filterByMilestone(TaskPage2.java:192)
	at testsuite.FilterTaskTest2.filterByMilestone_Release(FilterTaskTest2.java:219)
	at java.base/jdk.internal.reflect.NativeMethodAccessorImpl.invoke0(Native Method)
	at java.base/jdk.internal.reflect.NativeMethodAccessorImpl.invoke(NativeMethodAccessorImpl.java:62)
	at java.base/jdk.internal.reflect.DelegatingMethodAccessorImpl.invoke(DelegatingMethodAccessorImpl.java:43)
	at java.base/java.lang.reflect.Method.invoke(Method.java:566)
	at org.testng.internal.MethodInvocationHelper.invokeMethod(MethodInvocationHelper.java:133)
	at org.testng.internal.TestInvoker.invokeMethod(TestInvoker.java:598)
	at org.testng.internal.TestInvoker.invokeTestMethod(TestInvoker.java:173)
	at org.testng.internal.MethodRunner.runInSequence(MethodRunner.java:46)
	at org.testng.internal.TestInvoker$MethodInvocationAgent.invoke(TestInvoker.java:824)
	at org.testng.internal.TestInvoker.invokeTestMethods(TestInvoker.java:146)
	at org.testng.internal.TestMethodWorker.invokeTestMethods(TestMethodWorker.java:146)
	at org.testng.internal.TestMethodWorker.run(TestMethodWorker.java:128)
	at java.base/java.util.ArrayList.forEach(ArrayList.java:1541)
	at org.testng.TestRunner.privateRun(TestRunner.java:794)
	at org.testng.TestRunner.run(TestRunner.java:596)
	at org.testng.SuiteRunner.runTest(SuiteRunner.java:377)
	at org.testng.SuiteRunner.runSequentially(SuiteRunner.java:371)
	at org.testng.SuiteRunner.privateRun(SuiteRunner.java:332)
	at org.testng.SuiteRunner.run(SuiteRunner.java:276)
	at org.testng.SuiteRunnerWorker.runSuite(SuiteRunnerWorker.java:53)
	at org.testng.SuiteRunnerWorker.run(SuiteRunnerWorker.java:96)
	at org.testng.TestNG.runSuitesSequentially(TestNG.java:1212)
	at org.testng.TestNG.runSuitesLocally(TestNG.java:1134)
	at org.testng.TestNG.runSuites(TestNG.java:1063)
	at org.testng.TestNG.run(TestNG.java:1031)
	at com.intellij.rt.testng.IDEARemoteTestNG.run(IDEARemoteTestNG.java:66)
	at com.intellij.rt.testng.RemoteTestNGStarter.main(RemoteTestNGStarter.java:109)
</pre></div></td>
<td>20</td>
<td>testsuite.FilterTaskTest2@1dac5ef</td></tr>
<tr>
<td title='testsuite.FilterTaskTest2.filterByRelatedTo_Expense()'><b>filterByRelatedTo_Expense</b><br>Test class: testsuite.FilterTaskTest2</td>
<td><div><pre>org.openqa.selenium.TimeoutException: Expected condition failed: waiting for visibility of element located by By.xpath: s2id_expense_id (tried for 20 second(s) with 500 milliseconds interval)
Build info: version: &apos;4.10.0&apos;, revision: &apos;c14d967899&apos;
System info: os.name: &apos;Windows 10&apos;, os.arch: &apos;amd64&apos;, os.version: &apos;10.0&apos;, java.version: &apos;11.0.21&apos;
Driver info: org.openqa.selenium.chrome.ChromeDriver
Capabilities {acceptInsecureCerts: false, browserName: chrome, browserVersion: 123.0.6312.106, chrome: {chromedriverVersion: 123.0.6312.105 (399174dbe6e..., userDataDir: C:\Users\Admin\AppData\Loca...}, fedcm:accounts: true, goog:chromeOptions: {debuggerAddress: localhost:51854}, networkConnectionEnabled: false, pageLoadStrategy: normal, platformName: windows, proxy: Proxy(), se:cdp: ws://localhost:51854/devtoo..., se:cdpVersion: 123.0.6312.106, setWindowRect: true, strictFileInteractability: false, timeouts: {implicit: 0, pageLoad: 300000, script: 30000}, unhandledPromptBehavior: dismiss and notify, webauthn:extension:credBlob: true, webauthn:extension:largeBlob: true, webauthn:extension:minPinLength: true, webauthn:extension:prf: true, webauthn:virtualAuthenticators: true}
Session ID: fa986425fc1fab0ff73874188ab7d5b3
	at org.openqa.selenium.support.ui.WebDriverWait.timeoutException(WebDriverWait.java:84)
	at org.openqa.selenium.support.ui.FluentWait.until(FluentWait.java:230)
	at common.CommonBase.getElement(CommonBase.java:143)
	at common.CommonBase.clickElement(CommonBase.java:155)
	at pages.TaskPage2.clickElement(TaskPage2.java:74)
	at pages.TaskPage2.addTaskDataForRelatedToFilter(TaskPage2.java:109)
	at testsuite.FilterTaskTest2.filterByRelatedTo_Expense(FilterTaskTest2.java:107)
	at java.base/java.util.ArrayList.forEach(ArrayList.java:1541)
	at com.intellij.rt.testng.IDEARemoteTestNG.run(IDEARemoteTestNG.java:66)
	at com.intellij.rt.testng.RemoteTestNGStarter.main(RemoteTestNGStarter.java:109)
... Removed 24 stack frames</pre></div><a href='#' onClick='toggleBox("stack-trace221033168", this, "Click to show all stack frames", "Click to hide stack frames")'>Click to show all stack frames</a>
<div class='stack-trace' id='stack-trace221033168'><pre>org.openqa.selenium.TimeoutException: Expected condition failed: waiting for visibility of element located by By.xpath: s2id_expense_id (tried for 20 second(s) with 500 milliseconds interval)
Build info: version: &apos;4.10.0&apos;, revision: &apos;c14d967899&apos;
System info: os.name: &apos;Windows 10&apos;, os.arch: &apos;amd64&apos;, os.version: &apos;10.0&apos;, java.version: &apos;11.0.21&apos;
Driver info: org.openqa.selenium.chrome.ChromeDriver
Capabilities {acceptInsecureCerts: false, browserName: chrome, browserVersion: 123.0.6312.106, chrome: {chromedriverVersion: 123.0.6312.105 (399174dbe6e..., userDataDir: C:\Users\Admin\AppData\Loca...}, fedcm:accounts: true, goog:chromeOptions: {debuggerAddress: localhost:51854}, networkConnectionEnabled: false, pageLoadStrategy: normal, platformName: windows, proxy: Proxy(), se:cdp: ws://localhost:51854/devtoo..., se:cdpVersion: 123.0.6312.106, setWindowRect: true, strictFileInteractability: false, timeouts: {implicit: 0, pageLoad: 300000, script: 30000}, unhandledPromptBehavior: dismiss and notify, webauthn:extension:credBlob: true, webauthn:extension:largeBlob: true, webauthn:extension:minPinLength: true, webauthn:extension:prf: true, webauthn:virtualAuthenticators: true}
Session ID: fa986425fc1fab0ff73874188ab7d5b3
	at org.openqa.selenium.support.ui.WebDriverWait.timeoutException(WebDriverWait.java:84)
	at org.openqa.selenium.support.ui.FluentWait.until(FluentWait.java:230)
	at common.CommonBase.getElement(CommonBase.java:143)
	at common.CommonBase.clickElement(CommonBase.java:155)
	at pages.TaskPage2.clickElement(TaskPage2.java:74)
	at pages.TaskPage2.addTaskDataForRelatedToFilter(TaskPage2.java:109)
	at testsuite.FilterTaskTest2.filterByRelatedTo_Expense(FilterTaskTest2.java:107)
	at java.base/jdk.internal.reflect.NativeMethodAccessorImpl.invoke0(Native Method)
	at java.base/jdk.internal.reflect.NativeMethodAccessorImpl.invoke(NativeMethodAccessorImpl.java:62)
	at java.base/jdk.internal.reflect.DelegatingMethodAccessorImpl.invoke(DelegatingMethodAccessorImpl.java:43)
	at java.base/java.lang.reflect.Method.invoke(Method.java:566)
	at org.testng.internal.MethodInvocationHelper.invokeMethod(MethodInvocationHelper.java:133)
	at org.testng.internal.TestInvoker.invokeMethod(TestInvoker.java:598)
	at org.testng.internal.TestInvoker.invokeTestMethod(TestInvoker.java:173)
	at org.testng.internal.MethodRunner.runInSequence(MethodRunner.java:46)
	at org.testng.internal.TestInvoker$MethodInvocationAgent.invoke(TestInvoker.java:824)
	at org.testng.internal.TestInvoker.invokeTestMethods(TestInvoker.java:146)
	at org.testng.internal.TestMethodWorker.invokeTestMethods(TestMethodWorker.java:146)
	at org.testng.internal.TestMethodWorker.run(TestMethodWorker.java:128)
	at java.base/java.util.ArrayList.forEach(ArrayList.java:1541)
	at org.testng.TestRunner.privateRun(TestRunner.java:794)
	at org.testng.TestRunner.run(TestRunner.java:596)
	at org.testng.SuiteRunner.runTest(SuiteRunner.java:377)
	at org.testng.SuiteRunner.runSequentially(SuiteRunner.java:371)
	at org.testng.SuiteRunner.privateRun(SuiteRunner.java:332)
	at org.testng.SuiteRunner.run(SuiteRunner.java:276)
	at org.testng.SuiteRunnerWorker.runSuite(SuiteRunnerWorker.java:53)
	at org.testng.SuiteRunnerWorker.run(SuiteRunnerWorker.java:96)
	at org.testng.TestNG.runSuitesSequentially(TestNG.java:1212)
	at org.testng.TestNG.runSuitesLocally(TestNG.java:1134)
	at org.testng.TestNG.runSuites(TestNG.java:1063)
	at org.testng.TestNG.run(TestNG.java:1031)
	at com.intellij.rt.testng.IDEARemoteTestNG.run(IDEARemoteTestNG.java:66)
	at com.intellij.rt.testng.RemoteTestNGStarter.main(RemoteTestNGStarter.java:109)
</pre></div></td>
<td>23</td>
<td>testsuite.FilterTaskTest2@1dac5ef</td></tr>
<tr>
<td title='testsuite.FilterTaskTest2.filterByMilestone_BetaRelease()'><b>filterByMilestone_BetaRelease</b><br>Test class: testsuite.FilterTaskTest2</td>
<td><div><pre>org.openqa.selenium.TimeoutException: Expected condition failed: waiting for visibility of element located by By.id: s2id_autogen12_search (tried for 20 second(s) with 500 milliseconds interval)
Build info: version: &apos;4.10.0&apos;, revision: &apos;c14d967899&apos;
System info: os.name: &apos;Windows 10&apos;, os.arch: &apos;amd64&apos;, os.version: &apos;10.0&apos;, java.version: &apos;11.0.21&apos;
Driver info: org.openqa.selenium.chrome.ChromeDriver
Capabilities {acceptInsecureCerts: false, browserName: chrome, browserVersion: 123.0.6312.106, chrome: {chromedriverVersion: 123.0.6312.105 (399174dbe6e..., userDataDir: C:\Users\Admin\AppData\Loca...}, fedcm:accounts: true, goog:chromeOptions: {debuggerAddress: localhost:52159}, networkConnectionEnabled: false, pageLoadStrategy: normal, platformName: windows, proxy: Proxy(), se:cdp: ws://localhost:52159/devtoo..., se:cdpVersion: 123.0.6312.106, setWindowRect: true, strictFileInteractability: false, timeouts: {implicit: 0, pageLoad: 300000, script: 30000}, unhandledPromptBehavior: dismiss and notify, webauthn:extension:credBlob: true, webauthn:extension:largeBlob: true, webauthn:extension:minPinLength: true, webauthn:extension:prf: true, webauthn:virtualAuthenticators: true}
Session ID: 23bbf0f296a8bb34a1f301bae4b154f7
	at org.openqa.selenium.support.ui.WebDriverWait.timeoutException(WebDriverWait.java:84)
	at org.openqa.selenium.support.ui.FluentWait.until(FluentWait.java:230)
	at common.CommonBase.getElement(CommonBase.java:143)
	at common.CommonBase.sendKeysElement(CommonBase.java:169)
	at pages.TaskPage2.sendKeysElement(TaskPage2.java:78)
	at pages.TaskPage2.filterByMilestone(TaskPage2.java:192)
	at testsuite.FilterTaskTest2.filterByMilestone_BetaRelease(FilterTaskTest2.java:229)
	at java.base/java.util.ArrayList.forEach(ArrayList.java:1541)
	at com.intellij.rt.testng.IDEARemoteTestNG.run(IDEARemoteTestNG.java:66)
	at com.intellij.rt.testng.RemoteTestNGStarter.main(RemoteTestNGStarter.java:109)
... Removed 24 stack frames</pre></div><a href='#' onClick='toggleBox("stack-trace1958950735", this, "Click to show all stack frames", "Click to hide stack frames")'>Click to show all stack frames</a>
<div class='stack-trace' id='stack-trace1958950735'><pre>org.openqa.selenium.TimeoutException: Expected condition failed: waiting for visibility of element located by By.id: s2id_autogen12_search (tried for 20 second(s) with 500 milliseconds interval)
Build info: version: &apos;4.10.0&apos;, revision: &apos;c14d967899&apos;
System info: os.name: &apos;Windows 10&apos;, os.arch: &apos;amd64&apos;, os.version: &apos;10.0&apos;, java.version: &apos;11.0.21&apos;
Driver info: org.openqa.selenium.chrome.ChromeDriver
Capabilities {acceptInsecureCerts: false, browserName: chrome, browserVersion: 123.0.6312.106, chrome: {chromedriverVersion: 123.0.6312.105 (399174dbe6e..., userDataDir: C:\Users\Admin\AppData\Loca...}, fedcm:accounts: true, goog:chromeOptions: {debuggerAddress: localhost:52159}, networkConnectionEnabled: false, pageLoadStrategy: normal, platformName: windows, proxy: Proxy(), se:cdp: ws://localhost:52159/devtoo..., se:cdpVersion: 123.0.6312.106, setWindowRect: true, strictFileInteractability: false, timeouts: {implicit: 0, pageLoad: 300000, script: 30000}, unhandledPromptBehavior: dismiss and notify, webauthn:extension:credBlob: true, webauthn:extension:largeBlob: true, webauthn:extension:minPinLength: true, webauthn:extension:prf: true, webauthn:virtualAuthenticators: true}
Session ID: 23bbf0f296a8bb34a1f301bae4b154f7
	at org.openqa.selenium.support.ui.WebDriverWait.timeoutException(WebDriverWait.java:84)
	at org.openqa.selenium.support.ui.FluentWait.until(FluentWait.java:230)
	at common.CommonBase.getElement(CommonBase.java:143)
	at common.CommonBase.sendKeysElement(CommonBase.java:169)
	at pages.TaskPage2.sendKeysElement(TaskPage2.java:78)
	at pages.TaskPage2.filterByMilestone(TaskPage2.java:192)
	at testsuite.FilterTaskTest2.filterByMilestone_BetaRelease(FilterTaskTest2.java:229)
	at java.base/jdk.internal.reflect.NativeMethodAccessorImpl.invoke0(Native Method)
	at java.base/jdk.internal.reflect.NativeMethodAccessorImpl.invoke(NativeMethodAccessorImpl.java:62)
	at java.base/jdk.internal.reflect.DelegatingMethodAccessorImpl.invoke(DelegatingMethodAccessorImpl.java:43)
	at java.base/java.lang.reflect.Method.invoke(Method.java:566)
	at org.testng.internal.MethodInvocationHelper.invokeMethod(MethodInvocationHelper.java:133)
	at org.testng.internal.TestInvoker.invokeMethod(TestInvoker.java:598)
	at org.testng.internal.TestInvoker.invokeTestMethod(TestInvoker.java:173)
	at org.testng.internal.MethodRunner.runInSequence(MethodRunner.java:46)
	at org.testng.internal.TestInvoker$MethodInvocationAgent.invoke(TestInvoker.java:824)
	at org.testng.internal.TestInvoker.invokeTestMethods(TestInvoker.java:146)
	at org.testng.internal.TestMethodWorker.invokeTestMethods(TestMethodWorker.java:146)
	at org.testng.internal.TestMethodWorker.run(TestMethodWorker.java:128)
	at java.base/java.util.ArrayList.forEach(ArrayList.java:1541)
	at org.testng.TestRunner.privateRun(TestRunner.java:794)
	at org.testng.TestRunner.run(TestRunner.java:596)
	at org.testng.SuiteRunner.runTest(SuiteRunner.java:377)
	at org.testng.SuiteRunner.runSequentially(SuiteRunner.java:371)
	at org.testng.SuiteRunner.privateRun(SuiteRunner.java:332)
	at org.testng.SuiteRunner.run(SuiteRunner.java:276)
	at org.testng.SuiteRunnerWorker.runSuite(SuiteRunnerWorker.java:53)
	at org.testng.SuiteRunnerWorker.run(SuiteRunnerWorker.java:96)
	at org.testng.TestNG.runSuitesSequentially(TestNG.java:1212)
	at org.testng.TestNG.runSuitesLocally(TestNG.java:1134)
	at org.testng.TestNG.runSuites(TestNG.java:1063)
	at org.testng.TestNG.run(TestNG.java:1031)
	at com.intellij.rt.testng.IDEARemoteTestNG.run(IDEARemoteTestNG.java:66)
	at com.intellij.rt.testng.RemoteTestNGStarter.main(RemoteTestNGStarter.java:109)
</pre></div></td>
<td>20</td>
<td>testsuite.FilterTaskTest2@1dac5ef</td></tr>
</table><p>
<table width='100%' border='1' class='invocation-passed'>
<tr><td colspan='4' align='center'><b>PASSED TESTS</b></td></tr>
<tr><td><b>Test method</b></td>
<td width="30%"><b>Exception</b></td>
<td width="10%"><b>Time (seconds)</b></td>
<td><b>Instance</b></td>
</tr>
<tr>
<td title='testsuite.FilterTaskTest2.filterByRelatedTo_Order()'><b>filterByRelatedTo_Order</b><br>Test class: testsuite.FilterTaskTest2</td>
<td></td>
<td>7</td>
<td>testsuite.FilterTaskTest2@1dac5ef</td></tr>
<tr>
<td title='testsuite.FilterTaskTest2.filterByRelatedTo_Lead()'><b>filterByRelatedTo_Lead</b><br>Test class: testsuite.FilterTaskTest2</td>
<td></td>
<td>8</td>
<td>testsuite.FilterTaskTest2@1dac5ef</td></tr>
<tr>
<td title='testsuite.FilterTaskTest2.filterByTeamMember()'><b>filterByTeamMember</b><br>Test class: testsuite.FilterTaskTest2</td>
<td></td>
<td>1</td>
<td>testsuite.FilterTaskTest2@1dac5ef</td></tr>
<tr>
<td title='testsuite.FilterTaskTest2.filterByRelatedTo_Invoice()'><b>filterByRelatedTo_Invoice</b><br>Test class: testsuite.FilterTaskTest2</td>
<td></td>
<td>8</td>
<td>testsuite.FilterTaskTest2@1dac5ef</td></tr>
<tr>
<td title='testsuite.FilterTaskTest2.filterByPriority_Minor()'><b>filterByPriority_Minor</b><br>Test class: testsuite.FilterTaskTest2</td>
<td></td>
<td>3</td>
<td>testsuite.FilterTaskTest2@1dac5ef</td></tr>
<tr>
<td title='testsuite.FilterTaskTest2.filterByPriority_Blocker()'><b>filterByPriority_Blocker</b><br>Test class: testsuite.FilterTaskTest2</td>
<td></td>
<td>2</td>
<td>testsuite.FilterTaskTest2@1dac5ef</td></tr>
<tr>
<td title='testsuite.FilterTaskTest2.filterByProject()'><b>filterByProject</b><br>Test class: testsuite.FilterTaskTest2</td>
<td></td>
<td>3</td>
<td>testsuite.FilterTaskTest2@1dac5ef</td></tr>
<tr>
<td title='testsuite.FilterTaskTest2.filterByRelatedTo_Proposal()'><b>filterByRelatedTo_Proposal</b><br>Test class: testsuite.FilterTaskTest2</td>
<td></td>
<td>8</td>
<td>testsuite.FilterTaskTest2@1dac5ef</td></tr>
<tr>
<td title='testsuite.FilterTaskTest2.filterByRelatedTo_Ticket()'><b>filterByRelatedTo_Ticket</b><br>Test class: testsuite.FilterTaskTest2</td>
<td></td>
<td>8</td>
<td>testsuite.FilterTaskTest2@1dac5ef</td></tr>
<tr>
<td title='testsuite.FilterTaskTest2.filterByRelatedTo_Estimate()'><b>filterByRelatedTo_Estimate</b><br>Test class: testsuite.FilterTaskTest2</td>
<td></td>
<td>8</td>
<td>testsuite.FilterTaskTest2@1dac5ef</td></tr>
<tr>
<td title='testsuite.FilterTaskTest2.filterByStatus_Review()'><b>filterByStatus_Review</b><br>Test class: testsuite.FilterTaskTest2</td>
<td></td>
<td>3</td>
<td>testsuite.FilterTaskTest2@1dac5ef</td></tr>
<tr>
<td title='testsuite.FilterTaskTest2.filterByRelatedTo_Contract()'><b>filterByRelatedTo_Contract</b><br>Test class: testsuite.FilterTaskTest2</td>
<td></td>
<td>8</td>
<td>testsuite.FilterTaskTest2@1dac5ef</td></tr>
<tr>
<td title='testsuite.FilterTaskTest2.filterByDeadline_Expired()'><b>filterByDeadline_Expired</b><br>Test class: testsuite.FilterTaskTest2</td>
<td></td>
<td>2</td>
<td>testsuite.FilterTaskTest2@1dac5ef</td></tr>
<tr>
<td title='testsuite.FilterTaskTest2.filterByDeadline_In15Days()'><b>filterByDeadline_In15Days</b><br>Test class: testsuite.FilterTaskTest2</td>
<td></td>
<td>2</td>
<td>testsuite.FilterTaskTest2@1dac5ef</td></tr>
<tr>
<td title='testsuite.FilterTaskTest2.filterByDeadline_Custom_Less_CurrentDay()'><b>filterByDeadline_Custom_Less_CurrentDay</b><br>Test class: testsuite.FilterTaskTest2</td>
<td></td>
<td>7</td>
<td>testsuite.FilterTaskTest2@1dac5ef</td></tr>
<tr>
<td title='testsuite.FilterTaskTest2.filterByStatus_Done()'><b>filterByStatus_Done</b><br>Test class: testsuite.FilterTaskTest2</td>
<td></td>
<td>3</td>
<td>testsuite.FilterTaskTest2@1dac5ef</td></tr>
<tr>
<td title='testsuite.FilterTaskTest2.filterByStatus_InProgress()'><b>filterByStatus_InProgress</b><br>Test class: testsuite.FilterTaskTest2</td>
<td></td>
<td>3</td>
<td>testsuite.FilterTaskTest2@1dac5ef</td></tr>
<tr>
<td title='testsuite.FilterTaskTest2.deleteFilter()'><b>deleteFilter</b><br>Test class: testsuite.FilterTaskTest2</td>
<td></td>
<td>3</td>
<td>testsuite.FilterTaskTest2@1dac5ef</td></tr>
<tr>
<td title='testsuite.FilterTaskTest2.addFilter_Fail()'><b>addFilter_Fail</b><br>Test class: testsuite.FilterTaskTest2</td>
<td></td>
<td>1</td>
<td>testsuite.FilterTaskTest2@1dac5ef</td></tr>
<tr>
<td title='testsuite.FilterTaskTest2.filterByDeadline_Tomorrow()'><b>filterByDeadline_Tomorrow</b><br>Test class: testsuite.FilterTaskTest2</td>
<td></td>
<td>3</td>
<td>testsuite.FilterTaskTest2@1dac5ef</td></tr>
<tr>
<td title='testsuite.FilterTaskTest2.filterByLabel()'><b>filterByLabel</b><br>Test class: testsuite.FilterTaskTest2</td>
<td></td>
<td>3</td>
<td>testsuite.FilterTaskTest2@1dac5ef</td></tr>
<tr>
<td title='testsuite.FilterTaskTest2.filterByPriority_Major()'><b>filterByPriority_Major</b><br>Test class: testsuite.FilterTaskTest2</td>
<td></td>
<td>3</td>
<td>testsuite.FilterTaskTest2@1dac5ef</td></tr>
<tr>
<td title='testsuite.FilterTaskTest2.filterByStatus_Todo()'><b>filterByStatus_Todo</b><br>Test class: testsuite.FilterTaskTest2</td>
<td></td>
<td>3</td>
<td>testsuite.FilterTaskTest2@1dac5ef</td></tr>
<tr>
<td title='testsuite.FilterTaskTest2.filterByPriority_Critical()'><b>filterByPriority_Critical</b><br>Test class: testsuite.FilterTaskTest2</td>
<td></td>
<td>2</td>
<td>testsuite.FilterTaskTest2@1dac5ef</td></tr>
<tr>
<td title='testsuite.FilterTaskTest2.addFilter_Success()'><b>addFilter_Success</b><br>Test class: testsuite.FilterTaskTest2</td>
<td></td>
<td>3</td>
<td>testsuite.FilterTaskTest2@1dac5ef</td></tr>
<tr>
<td title='testsuite.FilterTaskTest2.filterByRelatedTo_Subscription()'><b>filterByRelatedTo_Subscription</b><br>Test class: testsuite.FilterTaskTest2</td>
<td></td>
<td>8</td>
<td>testsuite.FilterTaskTest2@1dac5ef</td></tr>
<tr>
<td title='testsuite.FilterTaskTest2.filterByRelatedTo_Project()'><b>filterByRelatedTo_Project</b><br>Test class: testsuite.FilterTaskTest2</td>
<td></td>
<td>3</td>
<td>testsuite.FilterTaskTest2@1dac5ef</td></tr>
<tr>
<td title='testsuite.FilterTaskTest2.editFilter()'><b>editFilter</b><br>Test class: testsuite.FilterTaskTest2</td>
<td></td>
<td>4</td>
<td>testsuite.FilterTaskTest2@1dac5ef</td></tr>
<tr>
<td title='testsuite.FilterTaskTest2.filterByDeadline_In7Days()'><b>filterByDeadline_In7Days</b><br>Test class: testsuite.FilterTaskTest2</td>
<td></td>
<td>2</td>
<td>testsuite.FilterTaskTest2@1dac5ef</td></tr>
<tr>
<td title='testsuite.FilterTaskTest2.filterByDeadline_Custom_Equal_CurrentDay()'><b>filterByDeadline_Custom_Equal_CurrentDay</b><br>Test class: testsuite.FilterTaskTest2</td>
<td></td>
<td>7</td>
<td>testsuite.FilterTaskTest2@1dac5ef</td></tr>
<tr>
<td title='testsuite.FilterTaskTest2.filterByDeadline_Custom_greater_CurrentDay()'><b>filterByDeadline_Custom_greater_CurrentDay</b><br>Test class: testsuite.FilterTaskTest2</td>
<td></td>
<td>7</td>
<td>testsuite.FilterTaskTest2@1dac5ef</td></tr>
<tr>
<td title='testsuite.FilterTaskTest2.filterByDeadline_Today()'><b>filterByDeadline_Today</b><br>Test class: testsuite.FilterTaskTest2</td>
<td></td>
<td>7</td>
<td>testsuite.FilterTaskTest2@1dac5ef</td></tr>
</table><p>
</body>
</html>